2019-03-21 15:52:10,827 org.hibernate.validator.internal.util.Version [background-preinit] (Version.java:21) INFO  --> HV000001: Hibernate Validator 6.0.13.Final
2019-03-21 15:52:11,077 App.App [main] (StartupInfoLogger.java:50) INFO  --> Starting App on DESKTOP-Q8QA67I with PID 21456 (started by 12442 in D:\Project\ichuan粉丝站后台管理系统)
2019-03-21 15:52:11,077 App.App [main] (SpringApplication.java:679) INFO  --> The following profiles are active: test
2019-03-21 15:52:12,285 org.springframework.boot.web.embedded.tomcat.TomcatWebServer [main] (TomcatWebServer.java:90) INFO  --> Tomcat initialized with port(s): 8080 (http)
2019-03-21 15:52:12,426 org.springframework.web.context.ContextLoader [main] (ServletWebServerApplicationContext.java:296) INFO  --> Root WebApplicationContext: initialization completed in 1302 ms
2019-03-21 15:52:12,926 org.springframework.security.web.DefaultSecurityFilterChain [main] (DefaultSecurityFilterChain.java:43) INFO  --> Creating filter chain: any request, [org.springframework.security.web.context.request.async.WebAsyncManagerIntegrationFilter@443a06ad, org.springframework.security.web.context.SecurityContextPersistenceFilter@3e856100, org.springframework.security.web.header.HeaderWriterFilter@370c9018, org.springframework.security.web.authentication.logout.LogoutFilter@2aa14ae6, org.springframework.security.web.authentication.UsernamePasswordAuthenticationFilter@4ef18604, org.springframework.security.web.session.ConcurrentSessionFilter@4c38cd16, org.springframework.security.web.savedrequest.RequestCacheAwareFilter@28fc1132, org.springframework.security.web.servletapi.SecurityContextHolderAwareRequestFilter@19fec3d6, org.springframework.security.web.authentication.rememberme.RememberMeAuthenticationFilter@33ec2c0c, org.springframework.security.web.authentication.AnonymousAuthenticationFilter@6ddd1c51, org.springframework.security.web.session.SessionManagementFilter@111c229c, org.springframework.security.web.access.ExceptionTranslationFilter@3af2f846, org.springframework.security.web.access.intercept.FilterSecurityInterceptor@2a8dd942]
2019-03-21 15:52:13,097 org.springframework.scheduling.concurrent.ThreadPoolTaskExecutor [main] (ExecutorConfigurationSupport.java:171) INFO  --> Initializing ExecutorService 'applicationTaskExecutor'
2019-03-21 15:52:13,207 org.springframework.boot.autoconfigure.web.servlet.WelcomePageHandlerMapping [main] (WelcomePageHandlerMapping.java:61) INFO  --> Adding welcome page template: index
2019-03-21 15:52:13,379 org.springframework.boot.web.embedded.tomcat.TomcatWebServer [main] (TomcatWebServer.java:204) INFO  --> Tomcat started on port(s): 8080 (http) with context path ''
2019-03-21 15:52:13,379 App.App [main] (StartupInfoLogger.java:59) INFO  --> Started App in 2.698 seconds (JVM running for 3.584)
2019-03-21 15:53:03,448 org.springframework.web.servlet.DispatcherServlet [http-nio-8080-exec-1] (FrameworkServlet.java:524) INFO  --> Initializing Servlet 'dispatcherServlet'
2019-03-21 15:53:03,458 org.springframework.web.servlet.DispatcherServlet [http-nio-8080-exec-1] (FrameworkServlet.java:546) INFO  --> Completed initialization in 9 ms
2019-03-21 15:53:03,520 App.Aop.WebLogAspect [http-nio-8080-exec-1] (WebLogAspect.java:31) INFO  --> URL : http://localhost:8080/api/goods/goodsid/all
2019-03-21 15:53:03,520 App.Aop.WebLogAspect [http-nio-8080-exec-1] (WebLogAspect.java:32) INFO  --> HTTP_METHOD : GET
2019-03-21 15:53:03,520 App.Aop.WebLogAspect [http-nio-8080-exec-1] (WebLogAspect.java:33) INFO  --> IP : 0:0:0:0:0:0:0:1
2019-03-21 15:53:03,522 App.Aop.WebLogAspect [http-nio-8080-exec-1] (WebLogAspect.java:34) INFO  --> CLASS_METHOD : App.Controller.GoodsController.queryGoodsAllInfByGoodsId
2019-03-21 15:53:03,523 App.Aop.WebLogAspect [http-nio-8080-exec-1] (WebLogAspect.java:35) INFO  --> ARGS : [Goods(goodsId=1, goodsName=null, goodsImg=null, goodsQuantity=null, goodInf=null, goodsType=null, goodsTypeName=null)]
2019-03-21 15:53:03,530 com.zaxxer.hikari.HikariDataSource [http-nio-8080-exec-1] (HikariDataSource.java:110) INFO  --> HikariPool-1 - Starting...
2019-03-21 15:53:04,732 com.zaxxer.hikari.HikariDataSource [http-nio-8080-exec-1] (HikariDataSource.java:123) INFO  --> HikariPool-1 - Start completed.
2019-03-21 15:53:08,070 App.Aop.WebLogAspect [http-nio-8080-exec-1] (WebLogAspect.java:40) INFO  --> RESPONSE : Goods(goodsId=1, goodsName=中文, goodsImg=213, goodsQuantity=123, goodInf=null, goodsType=1, goodsTypeName=null)
2019-03-21 15:53:08,070 App.Aop.WebLogAspect [http-nio-8080-exec-1] (WebLogAspect.java:41) INFO  --> SPEND TIME : 4551
2019-03-21 15:54:24,342 org.hibernate.validator.internal.util.Version [background-preinit] (Version.java:21) INFO  --> HV000001: Hibernate Validator 6.0.13.Final
2019-03-21 15:54:24,516 App.App [main] (StartupInfoLogger.java:50) INFO  --> Starting App on DESKTOP-Q8QA67I with PID 11780 (started by 12442 in D:\Project\ichuan粉丝站后台管理系统)
2019-03-21 15:54:24,518 App.App [main] (SpringApplication.java:679) INFO  --> The following profiles are active: test
2019-03-21 15:54:25,853 org.springframework.boot.web.embedded.tomcat.TomcatWebServer [main] (TomcatWebServer.java:90) INFO  --> Tomcat initialized with port(s): 8080 (http)
2019-03-21 15:54:26,004 org.springframework.web.context.ContextLoader [main] (ServletWebServerApplicationContext.java:296) INFO  --> Root WebApplicationContext: initialization completed in 1447 ms
2019-03-21 15:54:26,526 org.springframework.security.web.DefaultSecurityFilterChain [main] (DefaultSecurityFilterChain.java:43) INFO  --> Creating filter chain: any request, [org.springframework.security.web.context.request.async.WebAsyncManagerIntegrationFilter@34a20f16, org.springframework.security.web.context.SecurityContextPersistenceFilter@1e76afeb, org.springframework.security.web.header.HeaderWriterFilter@68631b1d, org.springframework.security.web.authentication.logout.LogoutFilter@191a0351, org.springframework.security.web.authentication.UsernamePasswordAuthenticationFilter@7e7740a5, org.springframework.security.web.session.ConcurrentSessionFilter@3313d477, org.springframework.security.web.savedrequest.RequestCacheAwareFilter@3e4d40ea, org.springframework.security.web.servletapi.SecurityContextHolderAwareRequestFilter@48bc2fce, org.springframework.security.web.authentication.rememberme.RememberMeAuthenticationFilter@5fef0c19, org.springframework.security.web.authentication.AnonymousAuthenticationFilter@496cc217, org.springframework.security.web.session.SessionManagementFilter@a0c5be, org.springframework.security.web.access.ExceptionTranslationFilter@6806468e, org.springframework.security.web.access.intercept.FilterSecurityInterceptor@119290b9]
2019-03-21 15:54:26,698 org.springframework.scheduling.concurrent.ThreadPoolTaskExecutor [main] (ExecutorConfigurationSupport.java:171) INFO  --> Initializing ExecutorService 'applicationTaskExecutor'
2019-03-21 15:54:26,811 org.springframework.boot.autoconfigure.web.servlet.WelcomePageHandlerMapping [main] (WelcomePageHandlerMapping.java:61) INFO  --> Adding welcome page template: index
2019-03-21 15:54:27,015 org.springframework.boot.web.embedded.tomcat.TomcatWebServer [main] (TomcatWebServer.java:204) INFO  --> Tomcat started on port(s): 8080 (http) with context path ''
2019-03-21 15:54:27,019 App.App [main] (StartupInfoLogger.java:59) INFO  --> Started App in 2.826 seconds (JVM running for 4.254)
2019-03-21 15:54:27,216 org.springframework.web.servlet.DispatcherServlet [http-nio-8080-exec-1] (FrameworkServlet.java:524) INFO  --> Initializing Servlet 'dispatcherServlet'
2019-03-21 15:54:27,227 org.springframework.web.servlet.DispatcherServlet [http-nio-8080-exec-1] (FrameworkServlet.java:546) INFO  --> Completed initialization in 11 ms
2019-03-21 15:54:27,294 App.Aop.WebLogAspect [http-nio-8080-exec-1] (WebLogAspect.java:31) INFO  --> URL : http://localhost:8080/api/goods/goodsid/all
2019-03-21 15:54:27,295 App.Aop.WebLogAspect [http-nio-8080-exec-1] (WebLogAspect.java:32) INFO  --> HTTP_METHOD : GET
2019-03-21 15:54:27,295 App.Aop.WebLogAspect [http-nio-8080-exec-1] (WebLogAspect.java:33) INFO  --> IP : 0:0:0:0:0:0:0:1
2019-03-21 15:54:27,296 App.Aop.WebLogAspect [http-nio-8080-exec-1] (WebLogAspect.java:34) INFO  --> CLASS_METHOD : App.Controller.GoodsController.queryGoodsAllInfByGoodsId
2019-03-21 15:54:27,297 App.Aop.WebLogAspect [http-nio-8080-exec-1] (WebLogAspect.java:35) INFO  --> ARGS : [Goods(goodsId=1, goodsName=null, goodsImg=null, goodsQuantity=null, goodInf=null, goodsType=null, goodsTypeName=null)]
2019-03-21 15:54:27,304 com.zaxxer.hikari.HikariDataSource [http-nio-8080-exec-1] (HikariDataSource.java:110) INFO  --> HikariPool-1 - Starting...
2019-03-21 15:54:29,598 com.zaxxer.hikari.HikariDataSource [http-nio-8080-exec-1] (HikariDataSource.java:123) INFO  --> HikariPool-1 - Start completed.
2019-03-21 15:54:32,254 App.Aop.WebLogAspect [http-nio-8080-exec-1] (WebLogAspect.java:40) INFO  --> RESPONSE : Goods(goodsId=1, goodsName=中文, goodsImg=213, goodsQuantity=123, goodInf=null, goodsType=1, goodsTypeName=null)
2019-03-21 15:54:32,254 App.Aop.WebLogAspect [http-nio-8080-exec-1] (WebLogAspect.java:41) INFO  --> SPEND TIME : 4960
2019-03-21 15:55:32,551 org.hibernate.validator.internal.util.Version [background-preinit] (Version.java:21) INFO  --> HV000001: Hibernate Validator 6.0.13.Final
2019-03-21 15:55:32,723 App.App [main] (StartupInfoLogger.java:50) INFO  --> Starting App on DESKTOP-Q8QA67I with PID 15764 (started by 12442 in D:\Project\ichuan粉丝站后台管理系统)
2019-03-21 15:55:32,723 App.App [main] (SpringApplication.java:679) INFO  --> The following profiles are active: test
2019-03-21 15:55:34,352 org.springframework.boot.web.embedded.tomcat.TomcatWebServer [main] (TomcatWebServer.java:90) INFO  --> Tomcat initialized with port(s): 8080 (http)
2019-03-21 15:55:34,505 org.springframework.web.context.ContextLoader [main] (ServletWebServerApplicationContext.java:296) INFO  --> Root WebApplicationContext: initialization completed in 1735 ms
2019-03-21 15:55:35,032 org.springframework.security.web.DefaultSecurityFilterChain [main] (DefaultSecurityFilterChain.java:43) INFO  --> Creating filter chain: any request, [org.springframework.security.web.context.request.async.WebAsyncManagerIntegrationFilter@478fb7dc, org.springframework.security.web.context.SecurityContextPersistenceFilter@582e9152, org.springframework.security.web.header.HeaderWriterFilter@45801322, org.springframework.security.web.authentication.logout.LogoutFilter@15d114ce, org.springframework.security.web.authentication.UsernamePasswordAuthenticationFilter@1e6060f1, org.springframework.security.web.session.ConcurrentSessionFilter@7a04f730, org.springframework.security.web.savedrequest.RequestCacheAwareFilter@349c4d1c, org.springframework.security.web.servletapi.SecurityContextHolderAwareRequestFilter@411fa0ce, org.springframework.security.web.authentication.rememberme.RememberMeAuthenticationFilter@1a2ac487, org.springframework.security.web.authentication.AnonymousAuthenticationFilter@29d25e65, org.springframework.security.web.session.SessionManagementFilter@3520958b, org.springframework.security.web.access.ExceptionTranslationFilter@7f27f59b, org.springframework.security.web.access.intercept.FilterSecurityInterceptor@67328bcb]
2019-03-21 15:55:35,235 org.springframework.scheduling.concurrent.ThreadPoolTaskExecutor [main] (ExecutorConfigurationSupport.java:171) INFO  --> Initializing ExecutorService 'applicationTaskExecutor'
2019-03-21 15:55:35,357 org.springframework.boot.autoconfigure.web.servlet.WelcomePageHandlerMapping [main] (WelcomePageHandlerMapping.java:61) INFO  --> Adding welcome page template: index
2019-03-21 15:55:35,555 org.springframework.boot.web.embedded.tomcat.TomcatWebServer [main] (TomcatWebServer.java:204) INFO  --> Tomcat started on port(s): 8080 (http) with context path ''
2019-03-21 15:55:35,555 App.App [main] (StartupInfoLogger.java:59) INFO  --> Started App in 3.098 seconds (JVM running for 4.006)
2019-03-21 15:55:36,050 org.springframework.web.servlet.DispatcherServlet [http-nio-8080-exec-1] (FrameworkServlet.java:524) INFO  --> Initializing Servlet 'dispatcherServlet'
2019-03-21 15:55:36,066 org.springframework.web.servlet.DispatcherServlet [http-nio-8080-exec-1] (FrameworkServlet.java:546) INFO  --> Completed initialization in 16 ms
2019-03-21 15:55:36,159 App.Aop.WebLogAspect [http-nio-8080-exec-1] (WebLogAspect.java:31) INFO  --> URL : http://localhost:8080/api/goods/goodsid/all
2019-03-21 15:55:36,159 App.Aop.WebLogAspect [http-nio-8080-exec-1] (WebLogAspect.java:32) INFO  --> HTTP_METHOD : GET
2019-03-21 15:55:36,159 App.Aop.WebLogAspect [http-nio-8080-exec-1] (WebLogAspect.java:33) INFO  --> IP : 127.0.0.1
2019-03-21 15:55:36,159 App.Aop.WebLogAspect [http-nio-8080-exec-1] (WebLogAspect.java:34) INFO  --> CLASS_METHOD : App.Controller.GoodsController.queryGoodsAllInfByGoodsId
2019-03-21 15:55:36,159 App.Aop.WebLogAspect [http-nio-8080-exec-1] (WebLogAspect.java:35) INFO  --> ARGS : [Goods(goodsId=1, goodsName=null, goodsImg=null, goodsQuantity=null, goodInf=null, goodsType=null, goodsTypeName=null)]
2019-03-21 15:55:36,175 com.zaxxer.hikari.HikariDataSource [http-nio-8080-exec-1] (HikariDataSource.java:110) INFO  --> HikariPool-1 - Starting...
2019-03-21 15:55:40,175 com.zaxxer.hikari.HikariDataSource [http-nio-8080-exec-1] (HikariDataSource.java:123) INFO  --> HikariPool-1 - Start completed.
2019-03-21 15:55:40,862 App.Aop.WebLogAspect [http-nio-8080-exec-1] (WebLogAspect.java:40) INFO  --> RESPONSE : Goods(goodsId=null, goodsName=null, goodsImg=null, goodsQuantity=null, goodInf=null, goodsType=null, goodsTypeName=null)
2019-03-21 15:55:40,862 App.Aop.WebLogAspect [http-nio-8080-exec-1] (WebLogAspect.java:41) INFO  --> SPEND TIME : 4703
2019-03-21 15:57:35,159 App.Aop.WebLogAspect [http-nio-8080-exec-5] (WebLogAspect.java:31) INFO  --> URL : http://10.150.72.92:8080/login
2019-03-21 15:57:35,160 App.Aop.WebLogAspect [http-nio-8080-exec-5] (WebLogAspect.java:32) INFO  --> HTTP_METHOD : GET
2019-03-21 15:57:35,160 App.Aop.WebLogAspect [http-nio-8080-exec-5] (WebLogAspect.java:33) INFO  --> IP : 10.150.72.92
2019-03-21 15:57:35,160 App.Aop.WebLogAspect [http-nio-8080-exec-5] (WebLogAspect.java:34) INFO  --> CLASS_METHOD : App.Controller.JspController.aaa
2019-03-21 15:57:35,161 App.Aop.WebLogAspect [http-nio-8080-exec-5] (WebLogAspect.java:35) INFO  --> ARGS : []
2019-03-21 15:57:35,163 App.Aop.WebLogAspect [http-nio-8080-exec-5] (WebLogAspect.java:40) INFO  --> RESPONSE : login
2019-03-21 15:57:35,163 App.Aop.WebLogAspect [http-nio-8080-exec-5] (WebLogAspect.java:41) INFO  --> SPEND TIME : 4
