2019-03-09 19:01:32,735 org.hibernate.validator.internal.util.Version [background-preinit] (Version.java:21) INFO  --> HV000001: Hibernate Validator 6.0.13.Final
2019-03-09 19:01:32,958 App.App [restartedMain] (StartupInfoLogger.java:50) INFO  --> Starting App on DESKTOP-Q8QA67I with PID 25124 (started by 12442 in D:\Project\ichuan粉丝站后台管理系统)
2019-03-09 19:01:32,958 App.App [restartedMain] (SpringApplication.java:679) INFO  --> The following profiles are active: test
2019-03-09 19:01:33,021 org.springframework.boot.devtools.env.DevToolsPropertyDefaultsPostProcessor [restartedMain] (DeferredLog.java:227) INFO  --> Devtools property defaults active! Set 'spring.devtools.add-properties' to 'false' to disable
2019-03-09 19:01:33,021 org.springframework.boot.devtools.env.DevToolsPropertyDefaultsPostProcessor [restartedMain] (DeferredLog.java:227) INFO  --> For additional web related logging consider setting the 'logging.level.web' property to 'DEBUG'
2019-03-09 19:01:34,627 com.atomikos.jdbc.AbstractDataSourceBean [restartedMain] (Slf4jLogger.java:24) WARN  --> AtomikosDataSoureBean 'dataSource': poolSize equals default - this may cause performance problems!
2019-03-09 19:01:34,768 com.atomikos.jdbc.AtomikosXAConnectionFactory [restartedMain] (Slf4jLogger.java:40) WARN  --> XAConnectionFactory: failed to create pooled connection - DBMS down or unreachable?
com.mysql.cj.jdbc.exceptions.CommunicationsException: Communications link failure

The last packet sent successfully to the server was 0 milliseconds ago. The driver has not received any packets from the server.
	at com.mysql.cj.jdbc.exceptions.SQLError.createCommunicationsException(SQLError.java:174)
	at com.mysql.cj.jdbc.exceptions.SQLExceptionsMapping.translateException(SQLExceptionsMapping.java:64)
	at com.mysql.cj.jdbc.ConnectionImpl.createNewIO(ConnectionImpl.java:835)
	at com.mysql.cj.jdbc.ConnectionImpl.<init>(ConnectionImpl.java:455)
	at com.mysql.cj.jdbc.ConnectionImpl.getInstance(ConnectionImpl.java:240)
	at com.mysql.cj.jdbc.NonRegisteringDriver.connect(NonRegisteringDriver.java:207)
	at com.mysql.cj.jdbc.MysqlDataSource.getConnection(MysqlDataSource.java:402)
	at com.mysql.cj.jdbc.MysqlDataSource.getConnection(MysqlDataSource.java:125)
	at com.mysql.cj.jdbc.MysqlDataSource.getConnection(MysqlDataSource.java:110)
	at com.mysql.cj.jdbc.MysqlXADataSource.getXAConnection(MysqlXADataSource.java:52)
	at com.atomikos.jdbc.AtomikosXAConnectionFactory.createPooledConnection(AtomikosXAConnectionFactory.java:43)
	at com.atomikos.datasource.pool.ConnectionPool.createPooledConnection(ConnectionPool.java:98)
	at com.atomikos.datasource.pool.ConnectionPool.addConnectionsIfMinPoolSizeNotReached(ConnectionPool.java:86)
	at com.atomikos.datasource.pool.ConnectionPool.init(ConnectionPool.java:60)
	at com.atomikos.datasource.pool.ConnectionPool.<init>(ConnectionPool.java:49)
	at com.atomikos.datasource.pool.ConnectionPoolWithConcurrentValidation.<init>(ConnectionPoolWithConcurrentValidation.java:23)
	at com.atomikos.jdbc.AbstractDataSourceBean.init(AbstractDataSourceBean.java:294)
	at org.springframework.boot.jta.atomikos.AtomikosDataSourceBean.afterPropertiesSet(AtomikosDataSourceBean.java:49)
	at org.springframework.beans.factory.support.AbstractAutowireCapableBeanFactory.invokeInitMethods(AbstractAutowireCapableBeanFactory.java:1804)
	at org.springframework.beans.factory.support.AbstractAutowireCapableBeanFactory.initializeBean(AbstractAutowireCapableBeanFactory.java:1741)
	at org.springframework.beans.factory.support.AbstractAutowireCapableBeanFactory.doCreateBean(AbstractAutowireCapableBeanFactory.java:576)
	at org.springframework.beans.factory.support.AbstractAutowireCapableBeanFactory.createBean(AbstractAutowireCapableBeanFactory.java:498)
	at org.springframework.beans.factory.support.AbstractBeanFactory.lambda$doGetBean$0(AbstractBeanFactory.java:320)
	at org.springframework.beans.factory.support.DefaultSingletonBeanRegistry.getSingleton(DefaultSingletonBeanRegistry.java:222)
	at org.springframework.beans.factory.support.AbstractBeanFactory.doGetBean(AbstractBeanFactory.java:318)
	at org.springframework.beans.factory.support.AbstractBeanFactory.getBean(AbstractBeanFactory.java:199)
	at org.springframework.beans.factory.support.AbstractBeanFactory.doGetBean(AbstractBeanFactory.java:307)
	at org.springframework.beans.factory.support.AbstractBeanFactory.getBean(AbstractBeanFactory.java:199)
	at org.springframework.beans.factory.config.DependencyDescriptor.resolveCandidate(DependencyDescriptor.java:273)
	at org.springframework.beans.factory.support.DefaultListableBeanFactory.doResolveDependency(DefaultListableBeanFactory.java:1237)
	at org.springframework.beans.factory.support.DefaultListableBeanFactory.resolveDependency(DefaultListableBeanFactory.java:1164)
	at org.springframework.beans.factory.support.ConstructorResolver.resolveAutowiredArgument(ConstructorResolver.java:857)
	at org.springframework.beans.factory.support.ConstructorResolver.createArgumentArray(ConstructorResolver.java:760)
	at org.springframework.beans.factory.support.ConstructorResolver.instantiateUsingFactoryMethod(ConstructorResolver.java:509)
	at org.springframework.beans.factory.support.AbstractAutowireCapableBeanFactory.instantiateUsingFactoryMethod(AbstractAutowireCapableBeanFactory.java:1288)
	at org.springframework.beans.factory.support.AbstractAutowireCapableBeanFactory.createBeanInstance(AbstractAutowireCapableBeanFactory.java:1127)
	at org.springframework.beans.factory.support.AbstractAutowireCapableBeanFactory.doCreateBean(AbstractAutowireCapableBeanFactory.java:538)
	at org.springframework.beans.factory.support.AbstractAutowireCapableBeanFactory.createBean(AbstractAutowireCapableBeanFactory.java:498)
	at org.springframework.beans.factory.support.AbstractBeanFactory.lambda$doGetBean$0(AbstractBeanFactory.java:320)
	at org.springframework.beans.factory.support.DefaultSingletonBeanRegistry.getSingleton(DefaultSingletonBeanRegistry.java:222)
	at org.springframework.beans.factory.support.AbstractBeanFactory.doGetBean(AbstractBeanFactory.java:318)
	at org.springframework.beans.factory.support.AbstractBeanFactory.getBean(AbstractBeanFactory.java:199)
	at org.springframework.beans.factory.config.DependencyDescriptor.resolveCandidate(DependencyDescriptor.java:273)
	at org.springframework.beans.factory.support.DefaultListableBeanFactory.doResolveDependency(DefaultListableBeanFactory.java:1237)
	at org.springframework.beans.factory.support.DefaultListableBeanFactory.resolveDependency(DefaultListableBeanFactory.java:1164)
	at org.springframework.beans.factory.annotation.AutowiredAnnotationBeanPostProcessor$AutowiredFieldElement.inject(AutowiredAnnotationBeanPostProcessor.java:593)
	at org.springframework.beans.factory.annotation.InjectionMetadata.inject(InjectionMetadata.java:90)
	at org.springframework.beans.factory.annotation.AutowiredAnnotationBeanPostProcessor.postProcessProperties(AutowiredAnnotationBeanPostProcessor.java:374)
	at org.springframework.beans.factory.support.AbstractAutowireCapableBeanFactory.populateBean(AbstractAutowireCapableBeanFactory.java:1378)
	at org.springframework.beans.factory.support.AbstractAutowireCapableBeanFactory.doCreateBean(AbstractAutowireCapableBeanFactory.java:575)
	at org.springframework.beans.factory.support.AbstractAutowireCapableBeanFactory.createBean(AbstractAutowireCapableBeanFactory.java:498)
	at org.springframework.beans.factory.support.AbstractBeanFactory.lambda$doGetBean$0(AbstractBeanFactory.java:320)
	at org.springframework.beans.factory.support.DefaultSingletonBeanRegistry.getSingleton(DefaultSingletonBeanRegistry.java:222)
	at org.springframework.beans.factory.support.AbstractBeanFactory.doGetBean(AbstractBeanFactory.java:318)
	at org.springframework.beans.factory.support.AbstractBeanFactory.getBean(AbstractBeanFactory.java:199)
	at org.springframework.beans.factory.support.ConstructorResolver.instantiateUsingFactoryMethod(ConstructorResolver.java:392)
	at org.springframework.beans.factory.support.AbstractAutowireCapableBeanFactory.instantiateUsingFactoryMethod(AbstractAutowireCapableBeanFactory.java:1288)
	at org.springframework.beans.factory.support.AbstractAutowireCapableBeanFactory.createBeanInstance(AbstractAutowireCapableBeanFactory.java:1127)
	at org.springframework.beans.factory.support.AbstractAutowireCapableBeanFactory.doCreateBean(AbstractAutowireCapableBeanFactory.java:538)
	at org.springframework.beans.factory.support.AbstractAutowireCapableBeanFactory.createBean(AbstractAutowireCapableBeanFactory.java:498)
	at org.springframework.beans.factory.support.AbstractBeanFactory.lambda$doGetBean$0(AbstractBeanFactory.java:320)
	at org.springframework.beans.factory.support.DefaultSingletonBeanRegistry.getSingleton(DefaultSingletonBeanRegistry.java:222)
	at org.springframework.beans.factory.support.AbstractBeanFactory.doGetBean(AbstractBeanFactory.java:318)
	at org.springframework.beans.factory.support.AbstractBeanFactory.getBean(AbstractBeanFactory.java:204)
	at org.springframework.aop.framework.autoproxy.BeanFactoryAdvisorRetrievalHelper.findAdvisorBeans(BeanFactoryAdvisorRetrievalHelper.java:91)
	at org.springframework.aop.framework.autoproxy.AbstractAdvisorAutoProxyCreator.findCandidateAdvisors(AbstractAdvisorAutoProxyCreator.java:109)
	at org.springframework.aop.aspectj.annotation.AnnotationAwareAspectJAutoProxyCreator.findCandidateAdvisors(AnnotationAwareAspectJAutoProxyCreator.java:92)
	at org.springframework.aop.aspectj.autoproxy.AspectJAwareAdvisorAutoProxyCreator.shouldSkip(AspectJAwareAdvisorAutoProxyCreator.java:101)
	at org.springframework.aop.framework.autoproxy.AbstractAutoProxyCreator.postProcessBeforeInstantiation(AbstractAutoProxyCreator.java:253)
	at org.springframework.beans.factory.support.AbstractAutowireCapableBeanFactory.applyBeanPostProcessorsBeforeInstantiation(AbstractAutowireCapableBeanFactory.java:1091)
	at org.springframework.beans.factory.support.AbstractAutowireCapableBeanFactory.resolveBeforeInstantiation(AbstractAutowireCapableBeanFactory.java:1064)
	at org.springframework.beans.factory.support.AbstractAutowireCapableBeanFactory.createBean(AbstractAutowireCapableBeanFactory.java:487)
	at org.springframework.beans.factory.support.AbstractBeanFactory.lambda$doGetBean$0(AbstractBeanFactory.java:320)
	at org.springframework.beans.factory.support.DefaultSingletonBeanRegistry.getSingleton(DefaultSingletonBeanRegistry.java:222)
	at org.springframework.beans.factory.support.AbstractBeanFactory.doGetBean(AbstractBeanFactory.java:318)
	at org.springframework.beans.factory.support.AbstractBeanFactory.getBean(AbstractBeanFactory.java:204)
	at org.springframework.boot.web.servlet.context.ServletWebServerApplicationContext.getWebServerFactory(ServletWebServerApplicationContext.java:216)
	at org.springframework.boot.web.servlet.context.ServletWebServerApplicationContext.createWebServer(ServletWebServerApplicationContext.java:180)
	at org.springframework.boot.web.servlet.context.ServletWebServerApplicationContext.onRefresh(ServletWebServerApplicationContext.java:154)
	at org.springframework.context.support.AbstractApplicationContext.refresh(AbstractApplicationContext.java:540)
	at org.springframework.boot.web.servlet.context.ServletWebServerApplicationContext.refresh(ServletWebServerApplicationContext.java:142)
	at org.springframework.boot.SpringApplication.refresh(SpringApplication.java:775)
	at org.springframework.boot.SpringApplication.refreshContext(SpringApplication.java:397)
	at org.springframework.boot.SpringApplication.run(SpringApplication.java:316)
	at org.springframework.boot.SpringApplication.run(SpringApplication.java:1260)
	at org.springframework.boot.SpringApplication.run(SpringApplication.java:1248)
	at App.App.main(App.java:39)
	at java.base/jdk.internal.reflect.NativeMethodAccessorImpl.invoke0(Native Method)
	at java.base/jdk.internal.reflect.NativeMethodAccessorImpl.invoke(NativeMethodAccessorImpl.java:62)
	at java.base/jdk.internal.reflect.DelegatingMethodAccessorImpl.invoke(DelegatingMethodAccessorImpl.java:43)
	at java.base/java.lang.reflect.Method.invoke(Method.java:566)
	at org.springframework.boot.devtools.restart.RestartLauncher.run(RestartLauncher.java:49)
Caused by: com.mysql.cj.exceptions.CJCommunicationsException: Communications link failure

The last packet sent successfully to the server was 0 milliseconds ago. The driver has not received any packets from the server.
	at java.base/jdk.internal.reflect.NativeConstructorAccessorImpl.newInstance0(Native Method)
	at java.base/jdk.internal.reflect.NativeConstructorAccessorImpl.newInstance(NativeConstructorAccessorImpl.java:62)
	at java.base/jdk.internal.reflect.DelegatingConstructorAccessorImpl.newInstance(DelegatingConstructorAccessorImpl.java:45)
	at java.base/java.lang.reflect.Constructor.newInstance(Constructor.java:490)
	at com.mysql.cj.exceptions.ExceptionFactory.createException(ExceptionFactory.java:61)
	at com.mysql.cj.exceptions.ExceptionFactory.createException(ExceptionFactory.java:105)
	at com.mysql.cj.exceptions.ExceptionFactory.createException(ExceptionFactory.java:151)
	at com.mysql.cj.exceptions.ExceptionFactory.createCommunicationsException(ExceptionFactory.java:167)
	at com.mysql.cj.protocol.a.NativeSocketConnection.connect(NativeSocketConnection.java:91)
	at com.mysql.cj.NativeSession.connect(NativeSession.java:152)
	at com.mysql.cj.jdbc.ConnectionImpl.connectOneTryOnly(ConnectionImpl.java:955)
	at com.mysql.cj.jdbc.ConnectionImpl.createNewIO(ConnectionImpl.java:825)
	... 89 more
Caused by: java.net.UnknownHostException: 不知道这样的主机。 (f00w.com)
	at java.base/java.net.Inet6AddressImpl.lookupAllHostAddr(Native Method)
	at java.base/java.net.InetAddress$PlatformNameService.lookupAllHostAddr(InetAddress.java:929)
	at java.base/java.net.InetAddress.getAddressesFromNameService(InetAddress.java:1515)
	at java.base/java.net.InetAddress$NameServiceAddresses.get(InetAddress.java:848)
	at java.base/java.net.InetAddress.getAllByName0(InetAddress.java:1505)
	at java.base/java.net.InetAddress.getAllByName(InetAddress.java:1364)
	at java.base/java.net.InetAddress.getAllByName(InetAddress.java:1298)
	at com.mysql.cj.protocol.StandardSocketFactory.connect(StandardSocketFactory.java:132)
	at com.mysql.cj.protocol.a.NativeSocketConnection.connect(NativeSocketConnection.java:65)
	... 92 more
2019-03-09 19:01:34,846 com.atomikos.icatch.provider.imp.AssemblerImp [restartedMain] (Slf4jLogger.java:28) INFO  --> Loaded jar:file:/D:/Maven/com/atomikos/transactions/4.0.6/transactions-4.0.6.jar!/transactions-defaults.properties
2019-03-09 19:01:34,846 com.atomikos.icatch.provider.imp.AssemblerImp [restartedMain] (Slf4jLogger.java:24) WARN  --> Thanks for using Atomikos! Evaluate http://www.atomikos.com/Main/ExtremeTransactions for advanced features and professional support
or register at http://www.atomikos.com/Main/RegisterYourDownload to disable this message and receive FREE tips & advice
2019-03-09 19:01:34,862 com.atomikos.icatch.provider.imp.AssemblerImp [restartedMain] (Slf4jLogger.java:28) INFO  --> USING: com.atomikos.icatch.oltp_max_retries = 5
2019-03-09 19:01:34,862 com.atomikos.icatch.provider.imp.AssemblerImp [restartedMain] (Slf4jLogger.java:28) INFO  --> USING: com.atomikos.icatch.log_base_dir = D:\Project\ichuan粉丝站后台管理系统\transaction-logs
2019-03-09 19:01:34,862 com.atomikos.icatch.provider.imp.AssemblerImp [restartedMain] (Slf4jLogger.java:28) INFO  --> USING: com.atomikos.icatch.tm_unique_name = 192.168.123.111.tm
2019-03-09 19:01:34,862 com.atomikos.icatch.provider.imp.AssemblerImp [restartedMain] (Slf4jLogger.java:28) INFO  --> USING: com.atomikos.icatch.default_jta_timeout = 10000
2019-03-09 19:01:34,862 com.atomikos.icatch.provider.imp.AssemblerImp [restartedMain] (Slf4jLogger.java:28) INFO  --> USING: com.atomikos.icatch.serial_jta_transactions = true
2019-03-09 19:01:34,862 com.atomikos.icatch.provider.imp.AssemblerImp [restartedMain] (Slf4jLogger.java:28) INFO  --> USING: com.atomikos.icatch.allow_subtransactions = true
2019-03-09 19:01:34,862 com.atomikos.icatch.provider.imp.AssemblerImp [restartedMain] (Slf4jLogger.java:28) INFO  --> USING: com.atomikos.icatch.automatic_resource_registration = true
2019-03-09 19:01:34,862 com.atomikos.icatch.provider.imp.AssemblerImp [restartedMain] (Slf4jLogger.java:28) INFO  --> USING: java.naming.factory.initial = com.sun.jndi.rmi.registry.RegistryContextFactory
2019-03-09 19:01:34,862 com.atomikos.icatch.provider.imp.AssemblerImp [restartedMain] (Slf4jLogger.java:28) INFO  --> USING: com.atomikos.icatch.log_base_name = tmlog
2019-03-09 19:01:34,862 com.atomikos.icatch.provider.imp.AssemblerImp [restartedMain] (Slf4jLogger.java:28) INFO  --> USING: com.atomikos.icatch.oltp_retry_interval = 10000
2019-03-09 19:01:34,862 com.atomikos.icatch.provider.imp.AssemblerImp [restartedMain] (Slf4jLogger.java:28) INFO  --> USING: java.naming.provider.url = rmi://localhost:1099
2019-03-09 19:01:34,862 com.atomikos.icatch.provider.imp.AssemblerImp [restartedMain] (Slf4jLogger.java:28) INFO  --> USING: com.atomikos.icatch.checkpoint_interval = 500
2019-03-09 19:01:34,862 com.atomikos.icatch.provider.imp.AssemblerImp [restartedMain] (Slf4jLogger.java:28) INFO  --> USING: com.atomikos.icatch.default_max_wait_time_on_shutdown = 9223372036854775807
2019-03-09 19:01:34,862 com.atomikos.icatch.provider.imp.AssemblerImp [restartedMain] (Slf4jLogger.java:28) INFO  --> USING: com.atomikos.icatch.client_demarcation = false
2019-03-09 19:01:34,862 com.atomikos.icatch.provider.imp.AssemblerImp [restartedMain] (Slf4jLogger.java:28) INFO  --> USING: com.atomikos.icatch.forget_orphaned_log_entries_delay = 86400000
2019-03-09 19:01:34,862 com.atomikos.icatch.provider.imp.AssemblerImp [restartedMain] (Slf4jLogger.java:28) INFO  --> USING: com.atomikos.icatch.trust_client_tm = false
2019-03-09 19:01:34,862 com.atomikos.icatch.provider.imp.AssemblerImp [restartedMain] (Slf4jLogger.java:28) INFO  --> USING: com.atomikos.icatch.force_shutdown_on_vm_exit = false
2019-03-09 19:01:34,862 com.atomikos.icatch.provider.imp.AssemblerImp [restartedMain] (Slf4jLogger.java:28) INFO  --> USING: com.atomikos.icatch.rmi_export_class = none
2019-03-09 19:01:34,862 com.atomikos.icatch.provider.imp.AssemblerImp [restartedMain] (Slf4jLogger.java:28) INFO  --> USING: com.atomikos.icatch.enable_logging = true
2019-03-09 19:01:34,862 com.atomikos.icatch.provider.imp.AssemblerImp [restartedMain] (Slf4jLogger.java:28) INFO  --> USING: com.atomikos.icatch.max_timeout = 300000
2019-03-09 19:01:34,862 com.atomikos.icatch.provider.imp.AssemblerImp [restartedMain] (Slf4jLogger.java:28) INFO  --> USING: com.atomikos.icatch.threaded_2pc = false
2019-03-09 19:01:34,878 com.atomikos.icatch.provider.imp.AssemblerImp [restartedMain] (Slf4jLogger.java:28) INFO  --> USING: com.atomikos.icatch.recovery_delay = 10000
2019-03-09 19:01:34,878 com.atomikos.icatch.provider.imp.AssemblerImp [restartedMain] (Slf4jLogger.java:28) INFO  --> USING: com.atomikos.icatch.max_actives = 50
2019-03-09 19:01:34,878 com.atomikos.icatch.provider.imp.AssemblerImp [restartedMain] (Slf4jLogger.java:28) INFO  --> Using default (local) logging and recovery...
2019-03-09 19:01:34,893 com.atomikos.datasource.xa.XATransactionalResource [restartedMain] (Slf4jLogger.java:28) INFO  --> dataSource: refreshed XAResource
2019-03-09 19:01:34,893 com.atomikos.datasource.xa.XATransactionalResource [restartedMain] (Slf4jLogger.java:28) INFO  --> dataSource: refreshed XAResource
2019-03-09 19:01:35,534 org.springframework.boot.web.embedded.tomcat.TomcatWebServer [restartedMain] (TomcatWebServer.java:90) INFO  --> Tomcat initialized with port(s): 8080 (http)
2019-03-09 19:01:35,924 org.springframework.web.context.ContextLoader [restartedMain] (ServletWebServerApplicationContext.java:296) INFO  --> Root WebApplicationContext: initialization completed in 2903 ms
2019-03-09 19:01:37,103 org.springframework.scheduling.concurrent.ThreadPoolTaskExecutor [restartedMain] (ExecutorConfigurationSupport.java:171) INFO  --> Initializing ExecutorService 'applicationTaskExecutor'
2019-03-09 19:01:37,275 org.springframework.boot.autoconfigure.web.servlet.WelcomePageHandlerMapping [restartedMain] (WelcomePageHandlerMapping.java:61) INFO  --> Adding welcome page template: index
2019-03-09 19:01:37,510 org.springframework.boot.devtools.autoconfigure.OptionalLiveReloadServer [restartedMain] (OptionalLiveReloadServer.java:57) INFO  --> LiveReload server is running on port 35729
2019-03-09 19:01:37,603 org.springframework.boot.web.embedded.tomcat.TomcatWebServer [restartedMain] (TomcatWebServer.java:204) INFO  --> Tomcat started on port(s): 8080 (http) with context path ''
2019-03-09 19:01:37,603 App.App [restartedMain] (StartupInfoLogger.java:59) INFO  --> Started App in 4.936 seconds (JVM running for 5.744)
2019-03-09 19:01:44,910 com.atomikos.datasource.xa.XATransactionalResource [Atomikos:2] (Slf4jLogger.java:28) INFO  --> dataSource: refreshed XAResource
2019-03-09 19:01:44,910 com.atomikos.datasource.xa.XATransactionalResource [Atomikos:2] (Slf4jLogger.java:28) INFO  --> dataSource: refreshed XAResource
2019-03-09 19:01:54,933 com.atomikos.datasource.xa.XATransactionalResource [Atomikos:2] (Slf4jLogger.java:28) INFO  --> dataSource: refreshed XAResource
2019-03-09 19:01:54,933 com.atomikos.datasource.xa.XATransactionalResource [Atomikos:2] (Slf4jLogger.java:28) INFO  --> dataSource: refreshed XAResource
2019-03-09 19:02:04,940 com.atomikos.datasource.xa.XATransactionalResource [Atomikos:2] (Slf4jLogger.java:28) INFO  --> dataSource: refreshed XAResource
2019-03-09 19:02:04,940 com.atomikos.datasource.xa.XATransactionalResource [Atomikos:2] (Slf4jLogger.java:28) INFO  --> dataSource: refreshed XAResource
2019-03-09 20:35:14,544 org.hibernate.validator.internal.util.Version [background-preinit] (Version.java:21) INFO  --> HV000001: Hibernate Validator 6.0.13.Final
2019-03-09 20:35:14,666 App.App [restartedMain] (StartupInfoLogger.java:50) INFO  --> Starting App on DESKTOP-Q8QA67I with PID 15732 (started by 12442 in D:\Project\ichuan粉丝站后台管理系统)
2019-03-09 20:35:14,667 App.App [restartedMain] (SpringApplication.java:679) INFO  --> The following profiles are active: test
2019-03-09 20:35:14,711 org.springframework.boot.devtools.env.DevToolsPropertyDefaultsPostProcessor [restartedMain] (DeferredLog.java:227) INFO  --> Devtools property defaults active! Set 'spring.devtools.add-properties' to 'false' to disable
2019-03-09 20:35:14,711 org.springframework.boot.devtools.env.DevToolsPropertyDefaultsPostProcessor [restartedMain] (DeferredLog.java:227) INFO  --> For additional web related logging consider setting the 'logging.level.web' property to 'DEBUG'
2019-03-09 20:35:15,863 org.springframework.boot.web.embedded.tomcat.TomcatWebServer [restartedMain] (TomcatWebServer.java:90) INFO  --> Tomcat initialized with port(s): 8080 (http)
2019-03-09 20:35:15,999 org.springframework.web.context.ContextLoader [restartedMain] (ServletWebServerApplicationContext.java:296) INFO  --> Root WebApplicationContext: initialization completed in 1288 ms
2019-03-09 20:35:16,533 org.springframework.scheduling.concurrent.ThreadPoolTaskExecutor [restartedMain] (ExecutorConfigurationSupport.java:171) INFO  --> Initializing ExecutorService 'applicationTaskExecutor'
2019-03-09 20:35:16,652 org.springframework.boot.autoconfigure.web.servlet.WelcomePageHandlerMapping [restartedMain] (WelcomePageHandlerMapping.java:56) INFO  --> Adding welcome page: class path resource [static/index.html]
2019-03-09 20:35:16,965 org.springframework.boot.devtools.autoconfigure.OptionalLiveReloadServer [restartedMain] (OptionalLiveReloadServer.java:61) WARN  --> Unable to start LiveReload server
2019-03-09 20:35:17,005 org.springframework.boot.web.embedded.tomcat.TomcatWebServer [restartedMain] (TomcatWebServer.java:204) INFO  --> Tomcat started on port(s): 8080 (http) with context path ''
2019-03-09 20:35:17,007 App.App [restartedMain] (StartupInfoLogger.java:59) INFO  --> Started App in 2.524 seconds (JVM running for 3.224)
2019-03-09 20:35:50,670 org.hibernate.validator.internal.util.Version [background-preinit] (Version.java:21) INFO  --> HV000001: Hibernate Validator 6.0.13.Final
2019-03-09 20:35:50,773 App.App [restartedMain] (StartupInfoLogger.java:50) INFO  --> Starting App on DESKTOP-Q8QA67I with PID 25200 (started by 12442 in D:\Project\ichuan粉丝站后台管理系统)
2019-03-09 20:35:50,775 App.App [restartedMain] (SpringApplication.java:679) INFO  --> The following profiles are active: test
2019-03-09 20:35:50,807 org.springframework.boot.devtools.env.DevToolsPropertyDefaultsPostProcessor [restartedMain] (DeferredLog.java:227) INFO  --> Devtools property defaults active! Set 'spring.devtools.add-properties' to 'false' to disable
2019-03-09 20:35:50,807 org.springframework.boot.devtools.env.DevToolsPropertyDefaultsPostProcessor [restartedMain] (DeferredLog.java:227) INFO  --> For additional web related logging consider setting the 'logging.level.web' property to 'DEBUG'
2019-03-09 20:35:52,094 org.springframework.boot.web.embedded.tomcat.TomcatWebServer [restartedMain] (TomcatWebServer.java:90) INFO  --> Tomcat initialized with port(s): 8080 (http)
2019-03-09 20:35:52,228 org.springframework.web.context.ContextLoader [restartedMain] (ServletWebServerApplicationContext.java:296) INFO  --> Root WebApplicationContext: initialization completed in 1420 ms
2019-03-09 20:35:52,729 org.springframework.scheduling.concurrent.ThreadPoolTaskExecutor [restartedMain] (ExecutorConfigurationSupport.java:171) INFO  --> Initializing ExecutorService 'applicationTaskExecutor'
2019-03-09 20:35:52,849 org.springframework.boot.autoconfigure.web.servlet.WelcomePageHandlerMapping [restartedMain] (WelcomePageHandlerMapping.java:56) INFO  --> Adding welcome page: class path resource [static/index.html]
2019-03-09 20:35:53,244 org.springframework.boot.devtools.autoconfigure.OptionalLiveReloadServer [restartedMain] (OptionalLiveReloadServer.java:61) WARN  --> Unable to start LiveReload server
2019-03-09 20:35:53,300 org.springframework.boot.web.embedded.tomcat.TomcatWebServer [restartedMain] (TomcatWebServer.java:204) INFO  --> Tomcat started on port(s): 8080 (http) with context path ''
2019-03-09 20:35:53,304 App.App [restartedMain] (StartupInfoLogger.java:59) INFO  --> Started App in 2.695 seconds (JVM running for 3.345)
2019-03-09 20:36:04,198 org.springframework.web.servlet.DispatcherServlet [http-nio-8080-exec-1] (FrameworkServlet.java:524) INFO  --> Initializing Servlet 'dispatcherServlet'
2019-03-09 20:36:04,207 org.springframework.web.servlet.DispatcherServlet [http-nio-8080-exec-1] (FrameworkServlet.java:546) INFO  --> Completed initialization in 9 ms
2019-03-09 20:36:04,242 App.Aop.WebLogAspect [http-nio-8080-exec-1] (WebLogAspect.java:35) INFO  --> URL : http://localhost:8080/index
2019-03-09 20:36:04,242 App.Aop.WebLogAspect [http-nio-8080-exec-1] (WebLogAspect.java:36) INFO  --> HTTP_METHOD : GET
2019-03-09 20:36:04,243 App.Aop.WebLogAspect [http-nio-8080-exec-1] (WebLogAspect.java:37) INFO  --> IP : 0:0:0:0:0:0:0:1
2019-03-09 20:36:04,244 App.Aop.WebLogAspect [http-nio-8080-exec-1] (WebLogAspect.java:38) INFO  --> CLASS_METHOD : App.Controller.JspController.index
2019-03-09 20:36:04,244 App.Aop.WebLogAspect [http-nio-8080-exec-1] (WebLogAspect.java:39) INFO  --> ARGS : [null, null]
2019-03-09 20:36:04,247 App.Aop.WebLogAspect [http-nio-8080-exec-1] (WebLogAspect.java:46) INFO  --> RESPONSE : index
2019-03-09 20:36:04,247 App.Aop.WebLogAspect [http-nio-8080-exec-1] (WebLogAspect.java:47) INFO  --> SPEND TIME : 5
2019-03-09 20:37:58,549 App.Aop.WebLogAspect [http-nio-8080-exec-5] (WebLogAspect.java:35) INFO  --> URL : http://localhost:8080/index
2019-03-09 20:37:58,550 App.Aop.WebLogAspect [http-nio-8080-exec-5] (WebLogAspect.java:36) INFO  --> HTTP_METHOD : GET
2019-03-09 20:37:58,550 App.Aop.WebLogAspect [http-nio-8080-exec-5] (WebLogAspect.java:37) INFO  --> IP : 0:0:0:0:0:0:0:1
2019-03-09 20:37:58,550 App.Aop.WebLogAspect [http-nio-8080-exec-5] (WebLogAspect.java:38) INFO  --> CLASS_METHOD : App.Controller.JspController.index
2019-03-09 20:37:58,550 App.Aop.WebLogAspect [http-nio-8080-exec-5] (WebLogAspect.java:39) INFO  --> ARGS : [null, null]
2019-03-09 20:37:58,550 App.Aop.WebLogAspect [http-nio-8080-exec-5] (WebLogAspect.java:46) INFO  --> RESPONSE : index
2019-03-09 20:37:58,551 App.Aop.WebLogAspect [http-nio-8080-exec-5] (WebLogAspect.java:47) INFO  --> SPEND TIME : 2
2019-03-09 20:38:29,681 App.Aop.WebLogAspect [http-nio-8080-exec-2] (WebLogAspect.java:35) INFO  --> URL : http://192.168.123.111:8080/index
2019-03-09 20:38:29,681 App.Aop.WebLogAspect [http-nio-8080-exec-2] (WebLogAspect.java:36) INFO  --> HTTP_METHOD : GET
2019-03-09 20:38:29,682 App.Aop.WebLogAspect [http-nio-8080-exec-2] (WebLogAspect.java:37) INFO  --> IP : 192.168.123.131
2019-03-09 20:38:29,682 App.Aop.WebLogAspect [http-nio-8080-exec-2] (WebLogAspect.java:38) INFO  --> CLASS_METHOD : App.Controller.JspController.index
2019-03-09 20:38:29,683 App.Aop.WebLogAspect [http-nio-8080-exec-2] (WebLogAspect.java:39) INFO  --> ARGS : [null, null]
2019-03-09 20:38:29,683 App.Aop.WebLogAspect [http-nio-8080-exec-2] (WebLogAspect.java:46) INFO  --> RESPONSE : index
2019-03-09 20:38:29,684 App.Aop.WebLogAspect [http-nio-8080-exec-2] (WebLogAspect.java:47) INFO  --> SPEND TIME : 3
