2019-02-26 18:46:52,025 org.hibernate.validator.internal.util.Version [background-preinit] (Version.java:21) INFO  --> HV000001: Hibernate Validator 6.0.13.Final
2019-02-26 18:46:52,197 App.App [restartedMain] (StartupInfoLogger.java:50) INFO  --> Starting App on DESKTOP-Q8QA67I with PID 4432 (started by 12442 in D:\Project\ichuan粉丝站后台管理系统)
2019-02-26 18:46:52,199 App.App [restartedMain] (SpringApplication.java:679) INFO  --> The following profiles are active: test
2019-02-26 18:46:52,287 org.springframework.boot.devtools.env.DevToolsPropertyDefaultsPostProcessor [restartedMain] (DeferredLog.java:227) INFO  --> Devtools property defaults active! Set 'spring.devtools.add-properties' to 'false' to disable
2019-02-26 18:46:52,288 org.springframework.boot.devtools.env.DevToolsPropertyDefaultsPostProcessor [restartedMain] (DeferredLog.java:227) INFO  --> For additional web related logging consider setting the 'logging.level.web' property to 'DEBUG'
2019-02-26 18:46:53,099 org.mybatis.spring.mapper.ClassPathMapperScanner [restartedMain] (ClassPathMapperScanner.java:166) WARN  --> No MyBatis mapper was found in '[App/Mapper/test1]' package. Please check your configuration.
2019-02-26 18:46:53,101 org.mybatis.spring.mapper.ClassPathMapperScanner [restartedMain] (ClassPathMapperScanner.java:166) WARN  --> No MyBatis mapper was found in '[App.Mapper.test2]' package. Please check your configuration.
2019-02-26 18:46:53,297 org.mybatis.spring.mapper.ClassPathMapperScanner [restartedMain] (ClassPathMapperScanner.java:166) WARN  --> No MyBatis mapper was found in '[App]' package. Please check your configuration.
2019-02-26 18:46:54,034 org.springframework.boot.web.embedded.tomcat.TomcatWebServer [restartedMain] (TomcatWebServer.java:90) INFO  --> Tomcat initialized with port(s): 8080 (http)
2019-02-26 18:46:54,238 org.springframework.web.context.ContextLoader [restartedMain] (ServletWebServerApplicationContext.java:296) INFO  --> Root WebApplicationContext: initialization completed in 1949 ms
2019-02-26 18:46:54,330 org.springframework.boot.web.servlet.context.AnnotationConfigServletWebServerApplicationContext [restartedMain] (AbstractApplicationContext.java:554) WARN  --> Exception encountered during context initialization - cancelling refresh attempt: org.springframework.beans.factory.UnsatisfiedDependencyException: Error creating bean with name 'loginController': Unsatisfied dependency expressed through field 'systemManagerService'; nested exception is org.springframework.beans.factory.UnsatisfiedDependencyException: Error creating bean with name 'systemManagerService': Unsatisfied dependency expressed through field 'systemManagerMapper'; nested exception is org.springframework.beans.factory.NoSuchBeanDefinitionException: No qualifying bean of type 'App.Mapper.SystemManagerMapper' available: expected at least 1 bean which qualifies as autowire candidate. Dependency annotations: {@org.springframework.beans.factory.annotation.Autowired(required=true)}
2019-02-26 18:46:54,354 org.springframework.boot.autoconfigure.logging.ConditionEvaluationReportLoggingListener [restartedMain] (ConditionEvaluationReportLoggingListener.java:142) INFO  --> 

Error starting ApplicationContext. To display the conditions report re-run your application with 'debug' enabled.
2019-02-26 18:46:54,506 org.springframework.boot.diagnostics.LoggingFailureAnalysisReporter [restartedMain] (LoggingFailureAnalysisReporter.java:42) ERROR --> 

***************************
APPLICATION FAILED TO START
***************************

Description:

Field systemManagerMapper in App.Service.SystemManagerService required a bean of type 'App.Mapper.SystemManagerMapper' that could not be found.

The injection point has the following annotations:
	- @org.springframework.beans.factory.annotation.Autowired(required=true)


Action:

Consider defining a bean of type 'App.Mapper.SystemManagerMapper' in your configuration.

2019-02-26 18:47:13,452 org.hibernate.validator.internal.util.Version [background-preinit] (Version.java:21) INFO  --> HV000001: Hibernate Validator 6.0.13.Final
2019-02-26 18:47:13,570 App.App [restartedMain] (StartupInfoLogger.java:50) INFO  --> Starting App on DESKTOP-Q8QA67I with PID 19288 (started by 12442 in D:\Project\ichuan粉丝站后台管理系统)
2019-02-26 18:47:13,572 App.App [restartedMain] (SpringApplication.java:679) INFO  --> The following profiles are active: test
2019-02-26 18:47:13,612 org.springframework.boot.devtools.env.DevToolsPropertyDefaultsPostProcessor [restartedMain] (DeferredLog.java:227) INFO  --> Devtools property defaults active! Set 'spring.devtools.add-properties' to 'false' to disable
2019-02-26 18:47:13,613 org.springframework.boot.devtools.env.DevToolsPropertyDefaultsPostProcessor [restartedMain] (DeferredLog.java:227) INFO  --> For additional web related logging consider setting the 'logging.level.web' property to 'DEBUG'
2019-02-26 18:47:14,086 org.mybatis.spring.mapper.ClassPathMapperScanner [restartedMain] (ClassPathMapperScanner.java:166) WARN  --> No MyBatis mapper was found in '[App/Mapper/test1]' package. Please check your configuration.
2019-02-26 18:47:14,087 org.mybatis.spring.mapper.ClassPathMapperScanner [restartedMain] (ClassPathMapperScanner.java:166) WARN  --> No MyBatis mapper was found in '[App.Mapper.test2]' package. Please check your configuration.
2019-02-26 18:47:14,194 org.mybatis.spring.mapper.ClassPathMapperScanner [restartedMain] (ClassPathMapperScanner.java:166) WARN  --> No MyBatis mapper was found in '[App]' package. Please check your configuration.
2019-02-26 18:47:14,774 org.springframework.boot.web.embedded.tomcat.TomcatWebServer [restartedMain] (TomcatWebServer.java:90) INFO  --> Tomcat initialized with port(s): 8080 (http)
2019-02-26 18:47:14,917 org.springframework.web.context.ContextLoader [restartedMain] (ServletWebServerApplicationContext.java:296) INFO  --> Root WebApplicationContext: initialization completed in 1303 ms
2019-02-26 18:47:14,977 org.springframework.boot.web.servlet.context.AnnotationConfigServletWebServerApplicationContext [restartedMain] (AbstractApplicationContext.java:554) WARN  --> Exception encountered during context initialization - cancelling refresh attempt: org.springframework.beans.factory.UnsatisfiedDependencyException: Error creating bean with name 'loginController': Unsatisfied dependency expressed through field 'systemManagerService'; nested exception is org.springframework.beans.factory.UnsatisfiedDependencyException: Error creating bean with name 'systemManagerService': Unsatisfied dependency expressed through field 'systemManagerMapper'; nested exception is org.springframework.beans.factory.NoSuchBeanDefinitionException: No qualifying bean of type 'App.Mapper.SystemManagerMapper' available: expected at least 1 bean which qualifies as autowire candidate. Dependency annotations: {@org.springframework.beans.factory.annotation.Autowired(required=true)}
2019-02-26 18:47:14,995 org.springframework.boot.autoconfigure.logging.ConditionEvaluationReportLoggingListener [restartedMain] (ConditionEvaluationReportLoggingListener.java:142) INFO  --> 

Error starting ApplicationContext. To display the conditions report re-run your application with 'debug' enabled.
2019-02-26 18:47:15,114 org.springframework.boot.diagnostics.LoggingFailureAnalysisReporter [restartedMain] (LoggingFailureAnalysisReporter.java:42) ERROR --> 

***************************
APPLICATION FAILED TO START
***************************

Description:

Field systemManagerMapper in App.Service.SystemManagerService required a bean of type 'App.Mapper.SystemManagerMapper' that could not be found.

The injection point has the following annotations:
	- @org.springframework.beans.factory.annotation.Autowired(required=true)


Action:

Consider defining a bean of type 'App.Mapper.SystemManagerMapper' in your configuration.

2019-02-26 18:49:23,427 org.hibernate.validator.internal.util.Version [background-preinit] (Version.java:21) INFO  --> HV000001: Hibernate Validator 6.0.13.Final
2019-02-26 18:49:23,539 App.App [restartedMain] (StartupInfoLogger.java:50) INFO  --> Starting App on DESKTOP-Q8QA67I with PID 18876 (started by 12442 in D:\Project\ichuan粉丝站后台管理系统)
2019-02-26 18:49:23,541 App.App [restartedMain] (SpringApplication.java:679) INFO  --> The following profiles are active: test
2019-02-26 18:49:23,584 org.springframework.boot.devtools.env.DevToolsPropertyDefaultsPostProcessor [restartedMain] (DeferredLog.java:227) INFO  --> Devtools property defaults active! Set 'spring.devtools.add-properties' to 'false' to disable
2019-02-26 18:49:23,586 org.springframework.boot.devtools.env.DevToolsPropertyDefaultsPostProcessor [restartedMain] (DeferredLog.java:227) INFO  --> For additional web related logging consider setting the 'logging.level.web' property to 'DEBUG'
2019-02-26 18:49:24,062 org.mybatis.spring.mapper.ClassPathMapperScanner [restartedMain] (ClassPathMapperScanner.java:166) WARN  --> No MyBatis mapper was found in '[App/Mapper/test1]' package. Please check your configuration.
2019-02-26 18:49:24,063 org.mybatis.spring.mapper.ClassPathMapperScanner [restartedMain] (ClassPathMapperScanner.java:166) WARN  --> No MyBatis mapper was found in '[App.Mapper.test2]' package. Please check your configuration.
2019-02-26 18:49:24,734 org.springframework.boot.web.embedded.tomcat.TomcatWebServer [restartedMain] (TomcatWebServer.java:90) INFO  --> Tomcat initialized with port(s): 8080 (http)
2019-02-26 18:49:24,894 org.springframework.web.context.ContextLoader [restartedMain] (ServletWebServerApplicationContext.java:296) INFO  --> Root WebApplicationContext: initialization completed in 1308 ms
2019-02-26 18:49:25,213 org.springframework.scheduling.concurrent.ThreadPoolTaskExecutor [restartedMain] (ExecutorConfigurationSupport.java:171) INFO  --> Initializing ExecutorService 'applicationTaskExecutor'
2019-02-26 18:49:25,449 org.springframework.boot.devtools.autoconfigure.OptionalLiveReloadServer [restartedMain] (OptionalLiveReloadServer.java:57) INFO  --> LiveReload server is running on port 35729
2019-02-26 18:49:25,522 org.springframework.boot.web.embedded.tomcat.TomcatWebServer [restartedMain] (TomcatWebServer.java:204) INFO  --> Tomcat started on port(s): 8080 (http) with context path ''
2019-02-26 18:49:25,528 App.App [restartedMain] (StartupInfoLogger.java:59) INFO  --> Started App in 2.175 seconds (JVM running for 2.837)
2019-02-26 18:51:32,580 org.hibernate.validator.internal.util.Version [background-preinit] (Version.java:21) INFO  --> HV000001: Hibernate Validator 6.0.13.Final
2019-02-26 18:51:32,703 App.App [restartedMain] (StartupInfoLogger.java:50) INFO  --> Starting App on DESKTOP-Q8QA67I with PID 5136 (started by 12442 in D:\Project\ichuan粉丝站后台管理系统)
2019-02-26 18:51:32,705 App.App [restartedMain] (SpringApplication.java:679) INFO  --> The following profiles are active: test
2019-02-26 18:51:32,749 org.springframework.boot.devtools.env.DevToolsPropertyDefaultsPostProcessor [restartedMain] (DeferredLog.java:227) INFO  --> Devtools property defaults active! Set 'spring.devtools.add-properties' to 'false' to disable
2019-02-26 18:51:32,750 org.springframework.boot.devtools.env.DevToolsPropertyDefaultsPostProcessor [restartedMain] (DeferredLog.java:227) INFO  --> For additional web related logging consider setting the 'logging.level.web' property to 'DEBUG'
2019-02-26 18:51:33,255 org.mybatis.spring.mapper.ClassPathMapperScanner [restartedMain] (ClassPathMapperScanner.java:166) WARN  --> No MyBatis mapper was found in '[App/Mapper/test1]' package. Please check your configuration.
2019-02-26 18:51:33,256 org.mybatis.spring.mapper.ClassPathMapperScanner [restartedMain] (ClassPathMapperScanner.java:166) WARN  --> No MyBatis mapper was found in '[App.Mapper.test2]' package. Please check your configuration.
2019-02-26 18:51:34,149 org.springframework.boot.web.embedded.tomcat.TomcatWebServer [restartedMain] (TomcatWebServer.java:90) INFO  --> Tomcat initialized with port(s): 8080 (http)
2019-02-26 18:51:34,307 org.springframework.web.context.ContextLoader [restartedMain] (ServletWebServerApplicationContext.java:296) INFO  --> Root WebApplicationContext: initialization completed in 1556 ms
2019-02-26 18:51:34,598 org.springframework.scheduling.concurrent.ThreadPoolTaskExecutor [restartedMain] (ExecutorConfigurationSupport.java:171) INFO  --> Initializing ExecutorService 'applicationTaskExecutor'
2019-02-26 18:51:34,785 org.springframework.boot.devtools.autoconfigure.OptionalLiveReloadServer [restartedMain] (OptionalLiveReloadServer.java:57) INFO  --> LiveReload server is running on port 35729
2019-02-26 18:51:34,844 org.springframework.boot.web.embedded.tomcat.TomcatWebServer [restartedMain] (TomcatWebServer.java:204) INFO  --> Tomcat started on port(s): 8080 (http) with context path ''
2019-02-26 18:51:34,848 App.App [restartedMain] (StartupInfoLogger.java:59) INFO  --> Started App in 2.349 seconds (JVM running for 3.054)
2019-02-26 18:52:52,308 org.springframework.web.servlet.DispatcherServlet [http-nio-8080-exec-1] (FrameworkServlet.java:524) INFO  --> Initializing Servlet 'dispatcherServlet'
2019-02-26 18:52:52,317 org.springframework.web.servlet.DispatcherServlet [http-nio-8080-exec-1] (FrameworkServlet.java:546) INFO  --> Completed initialization in 9 ms
2019-02-26 18:54:37,113 org.hibernate.validator.internal.util.Version [background-preinit] (Version.java:21) INFO  --> HV000001: Hibernate Validator 6.0.13.Final
2019-02-26 18:54:37,307 App.App [restartedMain] (StartupInfoLogger.java:50) INFO  --> Starting App on DESKTOP-Q8QA67I with PID 20416 (started by 12442 in D:\Project\ichuan粉丝站后台管理系统)
2019-02-26 18:54:37,309 App.App [restartedMain] (SpringApplication.java:679) INFO  --> The following profiles are active: test
2019-02-26 18:54:37,345 org.springframework.boot.devtools.env.DevToolsPropertyDefaultsPostProcessor [restartedMain] (DeferredLog.java:227) INFO  --> Devtools property defaults active! Set 'spring.devtools.add-properties' to 'false' to disable
2019-02-26 18:54:37,346 org.springframework.boot.devtools.env.DevToolsPropertyDefaultsPostProcessor [restartedMain] (DeferredLog.java:227) INFO  --> For additional web related logging consider setting the 'logging.level.web' property to 'DEBUG'
2019-02-26 18:54:37,773 org.mybatis.spring.mapper.ClassPathMapperScanner [restartedMain] (ClassPathMapperScanner.java:166) WARN  --> No MyBatis mapper was found in '[App/Mapper/test1]' package. Please check your configuration.
2019-02-26 18:54:37,774 org.mybatis.spring.mapper.ClassPathMapperScanner [restartedMain] (ClassPathMapperScanner.java:166) WARN  --> No MyBatis mapper was found in '[App.Mapper.test2]' package. Please check your configuration.
2019-02-26 18:54:38,469 org.springframework.boot.web.embedded.tomcat.TomcatWebServer [restartedMain] (TomcatWebServer.java:90) INFO  --> Tomcat initialized with port(s): 8080 (http)
2019-02-26 18:54:38,603 org.springframework.web.context.ContextLoader [restartedMain] (ServletWebServerApplicationContext.java:296) INFO  --> Root WebApplicationContext: initialization completed in 1257 ms
2019-02-26 18:54:38,993 org.springframework.scheduling.concurrent.ThreadPoolTaskExecutor [restartedMain] (ExecutorConfigurationSupport.java:171) INFO  --> Initializing ExecutorService 'applicationTaskExecutor'
2019-02-26 18:54:39,178 org.springframework.boot.devtools.autoconfigure.OptionalLiveReloadServer [restartedMain] (OptionalLiveReloadServer.java:57) INFO  --> LiveReload server is running on port 35729
2019-02-26 18:54:39,224 org.springframework.boot.web.embedded.tomcat.TomcatWebServer [restartedMain] (TomcatWebServer.java:204) INFO  --> Tomcat started on port(s): 8080 (http) with context path ''
2019-02-26 18:54:39,227 App.App [restartedMain] (StartupInfoLogger.java:59) INFO  --> Started App in 2.192 seconds (JVM running for 3.014)
2019-02-26 18:54:48,645 org.springframework.web.servlet.DispatcherServlet [http-nio-8080-exec-1] (FrameworkServlet.java:524) INFO  --> Initializing Servlet 'dispatcherServlet'
2019-02-26 18:54:48,656 org.springframework.web.servlet.DispatcherServlet [http-nio-8080-exec-1] (FrameworkServlet.java:546) INFO  --> Completed initialization in 10 ms
2019-02-26 18:55:21,128 org.hibernate.validator.internal.util.Version [background-preinit] (Version.java:21) INFO  --> HV000001: Hibernate Validator 6.0.13.Final
2019-02-26 18:55:21,270 App.App [restartedMain] (StartupInfoLogger.java:50) INFO  --> Starting App on DESKTOP-Q8QA67I with PID 21408 (started by 12442 in D:\Project\ichuan粉丝站后台管理系统)
2019-02-26 18:55:21,272 App.App [restartedMain] (SpringApplication.java:679) INFO  --> The following profiles are active: test
2019-02-26 18:55:21,336 org.springframework.boot.devtools.env.DevToolsPropertyDefaultsPostProcessor [restartedMain] (DeferredLog.java:227) INFO  --> Devtools property defaults active! Set 'spring.devtools.add-properties' to 'false' to disable
2019-02-26 18:55:21,336 org.springframework.boot.devtools.env.DevToolsPropertyDefaultsPostProcessor [restartedMain] (DeferredLog.java:227) INFO  --> For additional web related logging consider setting the 'logging.level.web' property to 'DEBUG'
2019-02-26 18:55:22,052 org.mybatis.spring.mapper.ClassPathMapperScanner [restartedMain] (ClassPathMapperScanner.java:166) WARN  --> No MyBatis mapper was found in '[App/Mapper/test1]' package. Please check your configuration.
2019-02-26 18:55:22,054 org.mybatis.spring.mapper.ClassPathMapperScanner [restartedMain] (ClassPathMapperScanner.java:166) WARN  --> No MyBatis mapper was found in '[App.Mapper.test2]' package. Please check your configuration.
2019-02-26 18:55:23,318 org.springframework.boot.web.embedded.tomcat.TomcatWebServer [restartedMain] (TomcatWebServer.java:90) INFO  --> Tomcat initialized with port(s): 8080 (http)
2019-02-26 18:55:23,662 org.springframework.web.context.ContextLoader [restartedMain] (ServletWebServerApplicationContext.java:296) INFO  --> Root WebApplicationContext: initialization completed in 2325 ms
2019-02-26 18:55:24,219 org.springframework.scheduling.concurrent.ThreadPoolTaskExecutor [restartedMain] (ExecutorConfigurationSupport.java:171) INFO  --> Initializing ExecutorService 'applicationTaskExecutor'
2019-02-26 18:55:24,566 org.springframework.boot.devtools.autoconfigure.OptionalLiveReloadServer [restartedMain] (OptionalLiveReloadServer.java:57) INFO  --> LiveReload server is running on port 35729
2019-02-26 18:55:24,653 org.springframework.boot.web.embedded.tomcat.TomcatWebServer [restartedMain] (TomcatWebServer.java:204) INFO  --> Tomcat started on port(s): 8080 (http) with context path ''
2019-02-26 18:55:24,659 App.App [restartedMain] (StartupInfoLogger.java:59) INFO  --> Started App in 3.614 seconds (JVM running for 4.421)
2019-02-26 18:55:24,713 org.springframework.web.servlet.DispatcherServlet [http-nio-8080-exec-1] (FrameworkServlet.java:524) INFO  --> Initializing Servlet 'dispatcherServlet'
2019-02-26 18:55:24,725 org.springframework.web.servlet.DispatcherServlet [http-nio-8080-exec-1] (FrameworkServlet.java:546) INFO  --> Completed initialization in 11 ms
2019-02-26 18:55:47,784 org.hibernate.validator.internal.util.Version [background-preinit] (Version.java:21) INFO  --> HV000001: Hibernate Validator 6.0.13.Final
2019-02-26 18:55:47,926 App.App [restartedMain] (StartupInfoLogger.java:50) INFO  --> Starting App on DESKTOP-Q8QA67I with PID 16800 (started by 12442 in D:\Project\ichuan粉丝站后台管理系统)
2019-02-26 18:55:47,927 App.App [restartedMain] (SpringApplication.java:679) INFO  --> The following profiles are active: test
2019-02-26 18:55:47,963 org.springframework.boot.devtools.env.DevToolsPropertyDefaultsPostProcessor [restartedMain] (DeferredLog.java:227) INFO  --> Devtools property defaults active! Set 'spring.devtools.add-properties' to 'false' to disable
2019-02-26 18:55:47,963 org.springframework.boot.devtools.env.DevToolsPropertyDefaultsPostProcessor [restartedMain] (DeferredLog.java:227) INFO  --> For additional web related logging consider setting the 'logging.level.web' property to 'DEBUG'
2019-02-26 18:55:48,414 org.mybatis.spring.mapper.ClassPathMapperScanner [restartedMain] (ClassPathMapperScanner.java:166) WARN  --> No MyBatis mapper was found in '[App/Mapper/test1]' package. Please check your configuration.
2019-02-26 18:55:48,414 org.mybatis.spring.mapper.ClassPathMapperScanner [restartedMain] (ClassPathMapperScanner.java:166) WARN  --> No MyBatis mapper was found in '[App.Mapper.test2]' package. Please check your configuration.
2019-02-26 18:55:49,181 org.springframework.boot.web.embedded.tomcat.TomcatWebServer [restartedMain] (TomcatWebServer.java:90) INFO  --> Tomcat initialized with port(s): 8080 (http)
2019-02-26 18:55:49,362 org.springframework.web.context.ContextLoader [restartedMain] (ServletWebServerApplicationContext.java:296) INFO  --> Root WebApplicationContext: initialization completed in 1399 ms
2019-02-26 18:55:49,668 org.springframework.scheduling.concurrent.ThreadPoolTaskExecutor [restartedMain] (ExecutorConfigurationSupport.java:171) INFO  --> Initializing ExecutorService 'applicationTaskExecutor'
2019-02-26 18:55:49,844 org.springframework.boot.devtools.autoconfigure.OptionalLiveReloadServer [restartedMain] (OptionalLiveReloadServer.java:57) INFO  --> LiveReload server is running on port 35729
2019-02-26 18:55:49,897 org.springframework.boot.web.embedded.tomcat.TomcatWebServer [restartedMain] (TomcatWebServer.java:204) INFO  --> Tomcat started on port(s): 8080 (http) with context path ''
2019-02-26 18:55:49,900 App.App [restartedMain] (StartupInfoLogger.java:59) INFO  --> Started App in 2.187 seconds (JVM running for 2.917)
2019-02-26 18:55:54,686 org.springframework.web.servlet.DispatcherServlet [http-nio-8080-exec-1] (FrameworkServlet.java:524) INFO  --> Initializing Servlet 'dispatcherServlet'
2019-02-26 18:55:54,693 org.springframework.web.servlet.DispatcherServlet [http-nio-8080-exec-1] (FrameworkServlet.java:546) INFO  --> Completed initialization in 7 ms
2019-02-26 18:57:49,674 org.hibernate.validator.internal.util.Version [background-preinit] (Version.java:21) INFO  --> HV000001: Hibernate Validator 6.0.13.Final
2019-02-26 18:57:49,824 App.App [restartedMain] (StartupInfoLogger.java:50) INFO  --> Starting App on DESKTOP-Q8QA67I with PID 18964 (started by 12442 in D:\Project\ichuan粉丝站后台管理系统)
2019-02-26 18:57:49,826 App.App [restartedMain] (SpringApplication.java:679) INFO  --> The following profiles are active: test
2019-02-26 18:57:49,874 org.springframework.boot.devtools.env.DevToolsPropertyDefaultsPostProcessor [restartedMain] (DeferredLog.java:227) INFO  --> Devtools property defaults active! Set 'spring.devtools.add-properties' to 'false' to disable
2019-02-26 18:57:49,874 org.springframework.boot.devtools.env.DevToolsPropertyDefaultsPostProcessor [restartedMain] (DeferredLog.java:227) INFO  --> For additional web related logging consider setting the 'logging.level.web' property to 'DEBUG'
2019-02-26 18:57:50,352 org.mybatis.spring.mapper.ClassPathMapperScanner [restartedMain] (ClassPathMapperScanner.java:166) WARN  --> No MyBatis mapper was found in '[App/Mapper/test1]' package. Please check your configuration.
2019-02-26 18:57:50,354 org.mybatis.spring.mapper.ClassPathMapperScanner [restartedMain] (ClassPathMapperScanner.java:166) WARN  --> No MyBatis mapper was found in '[App.Mapper.test2]' package. Please check your configuration.
2019-02-26 18:57:51,176 org.springframework.boot.web.embedded.tomcat.TomcatWebServer [restartedMain] (TomcatWebServer.java:90) INFO  --> Tomcat initialized with port(s): 8080 (http)
2019-02-26 18:57:51,405 org.springframework.web.context.ContextLoader [restartedMain] (ServletWebServerApplicationContext.java:296) INFO  --> Root WebApplicationContext: initialization completed in 1530 ms
2019-02-26 18:57:51,954 org.springframework.scheduling.concurrent.ThreadPoolTaskExecutor [restartedMain] (ExecutorConfigurationSupport.java:171) INFO  --> Initializing ExecutorService 'applicationTaskExecutor'
2019-02-26 18:57:52,241 org.springframework.boot.devtools.autoconfigure.OptionalLiveReloadServer [restartedMain] (OptionalLiveReloadServer.java:57) INFO  --> LiveReload server is running on port 35729
2019-02-26 18:57:52,326 org.springframework.boot.web.embedded.tomcat.TomcatWebServer [restartedMain] (TomcatWebServer.java:204) INFO  --> Tomcat started on port(s): 8080 (http) with context path ''
2019-02-26 18:57:52,331 App.App [restartedMain] (StartupInfoLogger.java:59) INFO  --> Started App in 2.74 seconds (JVM running for 3.565)
2019-02-26 18:57:57,960 org.springframework.web.servlet.DispatcherServlet [http-nio-8080-exec-1] (FrameworkServlet.java:524) INFO  --> Initializing Servlet 'dispatcherServlet'
2019-02-26 18:57:57,970 org.springframework.web.servlet.DispatcherServlet [http-nio-8080-exec-1] (FrameworkServlet.java:546) INFO  --> Completed initialization in 10 ms
2019-02-26 18:59:29,330 org.springframework.scheduling.concurrent.ThreadPoolTaskExecutor [Thread-5] (ExecutorConfigurationSupport.java:208) INFO  --> Shutting down ExecutorService 'applicationTaskExecutor'
2019-02-26 18:59:29,507 org.springframework.boot.devtools.env.DevToolsPropertyDefaultsPostProcessor [restartedMain] (DeferredLog.java:227) INFO  --> Devtools property defaults active! Set 'spring.devtools.add-properties' to 'false' to disable
2019-02-26 18:59:29,507 org.springframework.boot.devtools.env.DevToolsPropertyDefaultsPostProcessor [restartedMain] (DeferredLog.java:227) INFO  --> For additional web related logging consider setting the 'logging.level.web' property to 'DEBUG'
2019-02-26 18:59:29,515 App.App [restartedMain] (StartupInfoLogger.java:50) INFO  --> Starting App on DESKTOP-Q8QA67I with PID 18964 (started by 12442 in D:\Project\ichuan粉丝站后台管理系统)
2019-02-26 18:59:29,515 App.App [restartedMain] (SpringApplication.java:679) INFO  --> The following profiles are active: test
2019-02-26 18:59:29,671 org.mybatis.spring.mapper.ClassPathMapperScanner [restartedMain] (ClassPathMapperScanner.java:166) WARN  --> No MyBatis mapper was found in '[App/Mapper/test1]' package. Please check your configuration.
2019-02-26 18:59:29,672 org.mybatis.spring.mapper.ClassPathMapperScanner [restartedMain] (ClassPathMapperScanner.java:166) WARN  --> No MyBatis mapper was found in '[App.Mapper.test2]' package. Please check your configuration.
2019-02-26 18:59:29,769 org.springframework.boot.web.embedded.tomcat.TomcatWebServer [restartedMain] (TomcatWebServer.java:90) INFO  --> Tomcat initialized with port(s): 8080 (http)
2019-02-26 18:59:29,811 org.springframework.web.context.ContextLoader [restartedMain] (ServletWebServerApplicationContext.java:296) INFO  --> Root WebApplicationContext: initialization completed in 294 ms
2019-02-26 18:59:29,910 org.springframework.scheduling.concurrent.ThreadPoolTaskExecutor [restartedMain] (ExecutorConfigurationSupport.java:171) INFO  --> Initializing ExecutorService 'applicationTaskExecutor'
2019-02-26 18:59:29,989 org.springframework.boot.devtools.autoconfigure.OptionalLiveReloadServer [restartedMain] (OptionalLiveReloadServer.java:57) INFO  --> LiveReload server is running on port 35729
2019-02-26 18:59:30,007 org.springframework.boot.web.embedded.tomcat.TomcatWebServer [restartedMain] (TomcatWebServer.java:204) INFO  --> Tomcat started on port(s): 8080 (http) with context path ''
2019-02-26 18:59:30,008 App.App [restartedMain] (StartupInfoLogger.java:59) INFO  --> Started App in 0.513 seconds (JVM running for 101.241)
2019-02-26 18:59:30,010 org.springframework.boot.devtools.autoconfigure.ConditionEvaluationDeltaLoggingListener [restartedMain] (ConditionEvaluationDeltaLoggingListener.java:56) INFO  --> Condition evaluation unchanged
