2019-03-18 08:18:07,320 org.hibernate.validator.internal.util.Version [background-preinit] (Version.java:21) INFO  --> HV000001: Hibernate Validator 6.0.13.Final
2019-03-18 08:18:07,532 App.App [main] (StartupInfoLogger.java:50) INFO  --> Starting App on DESKTOP-Q8QA67I with PID 17004 (started by 12442 in D:\Project\ichuan粉丝站后台管理系统)
2019-03-18 08:18:07,532 App.App [main] (SpringApplication.java:679) INFO  --> The following profiles are active: test
2019-03-18 08:18:09,858 org.springframework.boot.web.embedded.tomcat.TomcatWebServer [main] (TomcatWebServer.java:90) INFO  --> Tomcat initialized with port(s): 8080 (http)
2019-03-18 08:18:10,040 org.springframework.web.context.ContextLoader [main] (ServletWebServerApplicationContext.java:296) INFO  --> Root WebApplicationContext: initialization completed in 2449 ms
2019-03-18 08:18:10,563 org.springframework.security.web.DefaultSecurityFilterChain [main] (DefaultSecurityFilterChain.java:43) INFO  --> Creating filter chain: any request, [org.springframework.security.web.context.request.async.WebAsyncManagerIntegrationFilter@4b957db0, org.springframework.security.web.context.SecurityContextPersistenceFilter@70b6db83, org.springframework.security.web.header.HeaderWriterFilter@4e4162bc, org.springframework.security.web.authentication.logout.LogoutFilter@2a0ea492, org.springframework.security.web.authentication.UsernamePasswordAuthenticationFilter@11df2829, org.springframework.security.web.session.ConcurrentSessionFilter@6403a4a5, org.springframework.security.web.savedrequest.RequestCacheAwareFilter@559af296, org.springframework.security.web.servletapi.SecurityContextHolderAwareRequestFilter@1b24ea2a, org.springframework.security.web.authentication.rememberme.RememberMeAuthenticationFilter@39e53bef, org.springframework.security.web.authentication.AnonymousAuthenticationFilter@5d71b500, org.springframework.security.web.session.SessionManagementFilter@72fbf94d, org.springframework.security.web.access.ExceptionTranslationFilter@7a388990, org.springframework.security.web.access.intercept.FilterSecurityInterceptor@491f8831]
2019-03-18 08:18:10,717 org.springframework.scheduling.concurrent.ThreadPoolTaskExecutor [main] (ExecutorConfigurationSupport.java:171) INFO  --> Initializing ExecutorService 'applicationTaskExecutor'
2019-03-18 08:18:10,836 org.springframework.boot.autoconfigure.web.servlet.WelcomePageHandlerMapping [main] (WelcomePageHandlerMapping.java:61) INFO  --> Adding welcome page template: index
2019-03-18 08:18:11,022 org.springframework.boot.web.embedded.tomcat.TomcatWebServer [main] (TomcatWebServer.java:204) INFO  --> Tomcat started on port(s): 8080 (http) with context path ''
2019-03-18 08:18:11,026 App.App [main] (StartupInfoLogger.java:59) INFO  --> Started App in 3.806 seconds (JVM running for 5.11)
2019-03-18 08:18:23,989 org.springframework.web.servlet.DispatcherServlet [http-nio-8080-exec-1] (FrameworkServlet.java:524) INFO  --> Initializing Servlet 'dispatcherServlet'
2019-03-18 08:18:23,998 org.springframework.web.servlet.DispatcherServlet [http-nio-8080-exec-1] (FrameworkServlet.java:546) INFO  --> Completed initialization in 8 ms
2019-03-18 08:18:24,023 App.Aop.WebLogAspect [http-nio-8080-exec-1] (WebLogAspect.java:30) INFO  --> URL : http://localhost:8080/file
2019-03-18 08:18:24,023 App.Aop.WebLogAspect [http-nio-8080-exec-1] (WebLogAspect.java:31) INFO  --> HTTP_METHOD : GET
2019-03-18 08:18:24,024 App.Aop.WebLogAspect [http-nio-8080-exec-1] (WebLogAspect.java:32) INFO  --> IP : 0:0:0:0:0:0:0:1
2019-03-18 08:18:24,025 App.Aop.WebLogAspect [http-nio-8080-exec-1] (WebLogAspect.java:33) INFO  --> CLASS_METHOD : App.Controller.JspController.file
2019-03-18 08:18:24,026 App.Aop.WebLogAspect [http-nio-8080-exec-1] (WebLogAspect.java:34) INFO  --> ARGS : []
2019-03-18 08:18:24,041 App.Aop.WebLogAspect [http-nio-8080-exec-1] (WebLogAspect.java:39) INFO  --> RESPONSE : file
2019-03-18 08:18:24,042 App.Aop.WebLogAspect [http-nio-8080-exec-1] (WebLogAspect.java:40) INFO  --> SPEND TIME : 19
2019-03-18 08:18:24,574 App.Aop.WebLogAspect [http-nio-8080-exec-5] (WebLogAspect.java:30) INFO  --> URL : http://localhost:8080/login
2019-03-18 08:18:24,575 App.Aop.WebLogAspect [http-nio-8080-exec-5] (WebLogAspect.java:31) INFO  --> HTTP_METHOD : GET
2019-03-18 08:18:24,575 App.Aop.WebLogAspect [http-nio-8080-exec-5] (WebLogAspect.java:32) INFO  --> IP : 0:0:0:0:0:0:0:1
2019-03-18 08:18:24,575 App.Aop.WebLogAspect [http-nio-8080-exec-5] (WebLogAspect.java:33) INFO  --> CLASS_METHOD : App.Controller.JspController.aaa
2019-03-18 08:18:24,576 App.Aop.WebLogAspect [http-nio-8080-exec-5] (WebLogAspect.java:34) INFO  --> ARGS : []
2019-03-18 08:18:24,576 App.Aop.WebLogAspect [http-nio-8080-exec-5] (WebLogAspect.java:39) INFO  --> RESPONSE : login
2019-03-18 08:18:24,576 App.Aop.WebLogAspect [http-nio-8080-exec-5] (WebLogAspect.java:40) INFO  --> SPEND TIME : 2
2019-03-18 08:18:29,926 App.Aop.WebLogAspect [http-nio-8080-exec-6] (WebLogAspect.java:30) INFO  --> URL : http://localhost:8080/file/upload
2019-03-18 08:18:29,927 App.Aop.WebLogAspect [http-nio-8080-exec-6] (WebLogAspect.java:31) INFO  --> HTTP_METHOD : POST
2019-03-18 08:18:29,927 App.Aop.WebLogAspect [http-nio-8080-exec-6] (WebLogAspect.java:32) INFO  --> IP : 0:0:0:0:0:0:0:1
2019-03-18 08:18:29,927 App.Aop.WebLogAspect [http-nio-8080-exec-6] (WebLogAspect.java:33) INFO  --> CLASS_METHOD : App.Controller.JspController.upload
2019-03-18 08:18:29,927 App.Aop.WebLogAspect [http-nio-8080-exec-6] (WebLogAspect.java:34) INFO  --> ARGS : [org.springframework.web.multipart.support.StandardMultipartHttpServletRequest$StandardMultipartFile@267a0c21]
2019-03-18 08:18:29,929 App.Aop.WebLogAspect [http-nio-8080-exec-6] (WebLogAspect.java:39) INFO  --> RESPONSE : static/img/1552868309928.png
2019-03-18 08:18:29,929 App.Aop.WebLogAspect [http-nio-8080-exec-6] (WebLogAspect.java:40) INFO  --> SPEND TIME : 3
2019-03-18 08:18:29,991 App.Aop.WebLogAspect [http-nio-8080-exec-9] (WebLogAspect.java:30) INFO  --> URL : http://localhost:8080/login
2019-03-18 08:18:29,992 App.Aop.WebLogAspect [http-nio-8080-exec-9] (WebLogAspect.java:31) INFO  --> HTTP_METHOD : GET
2019-03-18 08:18:29,992 App.Aop.WebLogAspect [http-nio-8080-exec-9] (WebLogAspect.java:32) INFO  --> IP : 0:0:0:0:0:0:0:1
2019-03-18 08:18:29,992 App.Aop.WebLogAspect [http-nio-8080-exec-9] (WebLogAspect.java:33) INFO  --> CLASS_METHOD : App.Controller.JspController.aaa
2019-03-18 08:18:29,993 App.Aop.WebLogAspect [http-nio-8080-exec-9] (WebLogAspect.java:34) INFO  --> ARGS : []
2019-03-18 08:18:29,993 App.Aop.WebLogAspect [http-nio-8080-exec-9] (WebLogAspect.java:39) INFO  --> RESPONSE : login
2019-03-18 08:18:29,993 App.Aop.WebLogAspect [http-nio-8080-exec-9] (WebLogAspect.java:40) INFO  --> SPEND TIME : 2
2019-03-18 08:18:53,296 App.Aop.WebLogAspect [http-nio-8080-exec-3] (WebLogAspect.java:30) INFO  --> URL : http://localhost:8080/file
2019-03-18 08:18:53,296 App.Aop.WebLogAspect [http-nio-8080-exec-3] (WebLogAspect.java:31) INFO  --> HTTP_METHOD : GET
2019-03-18 08:18:53,296 App.Aop.WebLogAspect [http-nio-8080-exec-3] (WebLogAspect.java:32) INFO  --> IP : 0:0:0:0:0:0:0:1
2019-03-18 08:18:53,297 App.Aop.WebLogAspect [http-nio-8080-exec-3] (WebLogAspect.java:33) INFO  --> CLASS_METHOD : App.Controller.JspController.file
2019-03-18 08:18:53,297 App.Aop.WebLogAspect [http-nio-8080-exec-3] (WebLogAspect.java:34) INFO  --> ARGS : []
2019-03-18 08:18:53,297 App.Aop.WebLogAspect [http-nio-8080-exec-3] (WebLogAspect.java:39) INFO  --> RESPONSE : file
2019-03-18 08:18:53,297 App.Aop.WebLogAspect [http-nio-8080-exec-3] (WebLogAspect.java:40) INFO  --> SPEND TIME : 1
2019-03-18 08:18:53,360 App.Aop.WebLogAspect [http-nio-8080-exec-4] (WebLogAspect.java:30) INFO  --> URL : http://localhost:8080/login
2019-03-18 08:18:53,360 App.Aop.WebLogAspect [http-nio-8080-exec-4] (WebLogAspect.java:31) INFO  --> HTTP_METHOD : GET
2019-03-18 08:18:53,360 App.Aop.WebLogAspect [http-nio-8080-exec-4] (WebLogAspect.java:32) INFO  --> IP : 0:0:0:0:0:0:0:1
2019-03-18 08:18:53,360 App.Aop.WebLogAspect [http-nio-8080-exec-4] (WebLogAspect.java:33) INFO  --> CLASS_METHOD : App.Controller.JspController.aaa
2019-03-18 08:18:53,361 App.Aop.WebLogAspect [http-nio-8080-exec-4] (WebLogAspect.java:34) INFO  --> ARGS : []
2019-03-18 08:18:53,361 App.Aop.WebLogAspect [http-nio-8080-exec-4] (WebLogAspect.java:39) INFO  --> RESPONSE : login
2019-03-18 08:18:53,361 App.Aop.WebLogAspect [http-nio-8080-exec-4] (WebLogAspect.java:40) INFO  --> SPEND TIME : 1
2019-03-18 08:19:01,034 App.Aop.WebLogAspect [http-nio-8080-exec-10] (WebLogAspect.java:30) INFO  --> URL : http://localhost:8080/file/upload
2019-03-18 08:19:01,035 App.Aop.WebLogAspect [http-nio-8080-exec-10] (WebLogAspect.java:31) INFO  --> HTTP_METHOD : POST
2019-03-18 08:19:01,035 App.Aop.WebLogAspect [http-nio-8080-exec-10] (WebLogAspect.java:32) INFO  --> IP : 0:0:0:0:0:0:0:1
2019-03-18 08:19:01,035 App.Aop.WebLogAspect [http-nio-8080-exec-10] (WebLogAspect.java:33) INFO  --> CLASS_METHOD : App.Controller.JspController.upload
2019-03-18 08:19:01,036 App.Aop.WebLogAspect [http-nio-8080-exec-10] (WebLogAspect.java:34) INFO  --> ARGS : [org.springframework.web.multipart.support.StandardMultipartHttpServletRequest$StandardMultipartFile@1b77269b]
2019-03-18 08:19:01,036 App.Aop.WebLogAspect [http-nio-8080-exec-10] (WebLogAspect.java:39) INFO  --> RESPONSE : static/img/1552868341036.png
2019-03-18 08:19:01,037 App.Aop.WebLogAspect [http-nio-8080-exec-10] (WebLogAspect.java:40) INFO  --> SPEND TIME : 3
2019-03-18 08:19:01,103 App.Aop.WebLogAspect [http-nio-8080-exec-2] (WebLogAspect.java:30) INFO  --> URL : http://localhost:8080/login
2019-03-18 08:19:01,104 App.Aop.WebLogAspect [http-nio-8080-exec-2] (WebLogAspect.java:31) INFO  --> HTTP_METHOD : GET
2019-03-18 08:19:01,104 App.Aop.WebLogAspect [http-nio-8080-exec-2] (WebLogAspect.java:32) INFO  --> IP : 0:0:0:0:0:0:0:1
2019-03-18 08:19:01,104 App.Aop.WebLogAspect [http-nio-8080-exec-2] (WebLogAspect.java:33) INFO  --> CLASS_METHOD : App.Controller.JspController.aaa
2019-03-18 08:19:01,105 App.Aop.WebLogAspect [http-nio-8080-exec-2] (WebLogAspect.java:34) INFO  --> ARGS : []
2019-03-18 08:19:01,105 App.Aop.WebLogAspect [http-nio-8080-exec-2] (WebLogAspect.java:39) INFO  --> RESPONSE : login
2019-03-18 08:19:01,105 App.Aop.WebLogAspect [http-nio-8080-exec-2] (WebLogAspect.java:40) INFO  --> SPEND TIME : 2
2019-03-18 11:51:55,937 org.hibernate.validator.internal.util.Version [background-preinit] (Version.java:21) INFO  --> HV000001: Hibernate Validator 6.0.13.Final
2019-03-18 11:51:56,053 App.App [main] (StartupInfoLogger.java:50) INFO  --> Starting App on DESKTOP-Q8QA67I with PID 18564 (started by 12442 in D:\Project\ichuan粉丝站后台管理系统)
2019-03-18 11:51:56,053 App.App [main] (SpringApplication.java:679) INFO  --> The following profiles are active: test
2019-03-18 11:51:57,155 org.springframework.boot.web.embedded.tomcat.TomcatWebServer [main] (TomcatWebServer.java:90) INFO  --> Tomcat initialized with port(s): 8080 (http)
2019-03-18 11:51:57,293 org.springframework.web.context.ContextLoader [main] (ServletWebServerApplicationContext.java:296) INFO  --> Root WebApplicationContext: initialization completed in 1203 ms
2019-03-18 11:51:57,778 org.springframework.security.web.DefaultSecurityFilterChain [main] (DefaultSecurityFilterChain.java:43) INFO  --> Creating filter chain: any request, [org.springframework.security.web.context.request.async.WebAsyncManagerIntegrationFilter@8c43966, org.springframework.security.web.context.SecurityContextPersistenceFilter@6a2d867d, org.springframework.security.web.header.HeaderWriterFilter@7d2c345d, org.springframework.security.web.authentication.logout.LogoutFilter@491f8831, org.springframework.security.web.authentication.UsernamePasswordAuthenticationFilter@7abeabe9, org.springframework.security.web.session.ConcurrentSessionFilter@209f3887, org.springframework.security.web.savedrequest.RequestCacheAwareFilter@685f5d0d, org.springframework.security.web.servletapi.SecurityContextHolderAwareRequestFilter@58687fb7, org.springframework.security.web.authentication.rememberme.RememberMeAuthenticationFilter@76c86567, org.springframework.security.web.authentication.AnonymousAuthenticationFilter@1efac5b9, org.springframework.security.web.session.SessionManagementFilter@5db948c9, org.springframework.security.web.access.ExceptionTranslationFilter@fbe70d8, org.springframework.security.web.access.intercept.FilterSecurityInterceptor@26e8ff8c]
2019-03-18 11:51:57,925 org.springframework.scheduling.concurrent.ThreadPoolTaskExecutor [main] (ExecutorConfigurationSupport.java:171) INFO  --> Initializing ExecutorService 'applicationTaskExecutor'
2019-03-18 11:51:58,041 org.springframework.boot.autoconfigure.web.servlet.WelcomePageHandlerMapping [main] (WelcomePageHandlerMapping.java:61) INFO  --> Adding welcome page template: index
2019-03-18 11:51:58,179 org.springframework.boot.web.embedded.tomcat.TomcatWebServer [main] (TomcatWebServer.java:204) INFO  --> Tomcat started on port(s): 8080 (http) with context path ''
2019-03-18 11:51:58,179 App.App [main] (StartupInfoLogger.java:59) INFO  --> Started App in 2.311 seconds (JVM running for 2.997)
2019-03-18 11:53:56,138 org.springframework.web.servlet.DispatcherServlet [http-nio-8080-exec-1] (FrameworkServlet.java:524) INFO  --> Initializing Servlet 'dispatcherServlet'
2019-03-18 11:53:56,148 org.springframework.web.servlet.DispatcherServlet [http-nio-8080-exec-1] (FrameworkServlet.java:546) INFO  --> Completed initialization in 9 ms
2019-03-18 11:53:56,170 App.Aop.WebLogAspect [http-nio-8080-exec-1] (WebLogAspect.java:30) INFO  --> URL : http://localhost:8080/file
2019-03-18 11:53:56,170 App.Aop.WebLogAspect [http-nio-8080-exec-1] (WebLogAspect.java:31) INFO  --> HTTP_METHOD : GET
2019-03-18 11:53:56,171 App.Aop.WebLogAspect [http-nio-8080-exec-1] (WebLogAspect.java:32) INFO  --> IP : 0:0:0:0:0:0:0:1
2019-03-18 11:53:56,172 App.Aop.WebLogAspect [http-nio-8080-exec-1] (WebLogAspect.java:33) INFO  --> CLASS_METHOD : App.Controller.JspController.file
2019-03-18 11:53:56,172 App.Aop.WebLogAspect [http-nio-8080-exec-1] (WebLogAspect.java:34) INFO  --> ARGS : []
2019-03-18 11:53:56,175 App.Aop.WebLogAspect [http-nio-8080-exec-1] (WebLogAspect.java:39) INFO  --> RESPONSE : file
2019-03-18 11:53:56,176 App.Aop.WebLogAspect [http-nio-8080-exec-1] (WebLogAspect.java:40) INFO  --> SPEND TIME : 6
2019-03-18 11:53:56,670 App.Aop.WebLogAspect [http-nio-8080-exec-5] (WebLogAspect.java:30) INFO  --> URL : http://localhost:8080/login
2019-03-18 11:53:56,670 App.Aop.WebLogAspect [http-nio-8080-exec-5] (WebLogAspect.java:31) INFO  --> HTTP_METHOD : GET
2019-03-18 11:53:56,671 App.Aop.WebLogAspect [http-nio-8080-exec-5] (WebLogAspect.java:32) INFO  --> IP : 0:0:0:0:0:0:0:1
2019-03-18 11:53:56,671 App.Aop.WebLogAspect [http-nio-8080-exec-5] (WebLogAspect.java:33) INFO  --> CLASS_METHOD : App.Controller.JspController.aaa
2019-03-18 11:53:56,671 App.Aop.WebLogAspect [http-nio-8080-exec-5] (WebLogAspect.java:34) INFO  --> ARGS : []
2019-03-18 11:53:56,671 App.Aop.WebLogAspect [http-nio-8080-exec-5] (WebLogAspect.java:39) INFO  --> RESPONSE : login
2019-03-18 11:53:56,672 App.Aop.WebLogAspect [http-nio-8080-exec-5] (WebLogAspect.java:40) INFO  --> SPEND TIME : 2
2019-03-18 11:54:01,895 App.Aop.WebLogAspect [http-nio-8080-exec-7] (WebLogAspect.java:30) INFO  --> URL : http://localhost:8080/file/upload
2019-03-18 11:54:01,895 App.Aop.WebLogAspect [http-nio-8080-exec-7] (WebLogAspect.java:31) INFO  --> HTTP_METHOD : POST
2019-03-18 11:54:01,895 App.Aop.WebLogAspect [http-nio-8080-exec-7] (WebLogAspect.java:32) INFO  --> IP : 0:0:0:0:0:0:0:1
2019-03-18 11:54:01,895 App.Aop.WebLogAspect [http-nio-8080-exec-7] (WebLogAspect.java:33) INFO  --> CLASS_METHOD : App.Controller.JspController.upload
2019-03-18 11:54:01,896 App.Aop.WebLogAspect [http-nio-8080-exec-7] (WebLogAspect.java:34) INFO  --> ARGS : [org.springframework.web.multipart.support.StandardMultipartHttpServletRequest@518faefb]
2019-03-18 11:54:01,898 App.Aop.WebLogAspect [http-nio-8080-exec-7] (WebLogAspect.java:39) INFO  --> RESPONSE : null  0:static/img/1552881241896.png  1:static/img/1552881241897.png  2:static/img/1552881241897.png
2019-03-18 11:54:01,899 App.Aop.WebLogAspect [http-nio-8080-exec-7] (WebLogAspect.java:40) INFO  --> SPEND TIME : 4
2019-03-18 11:54:01,965 App.Aop.WebLogAspect [http-nio-8080-exec-3] (WebLogAspect.java:30) INFO  --> URL : http://localhost:8080/login
2019-03-18 11:54:01,965 App.Aop.WebLogAspect [http-nio-8080-exec-3] (WebLogAspect.java:31) INFO  --> HTTP_METHOD : GET
2019-03-18 11:54:01,965 App.Aop.WebLogAspect [http-nio-8080-exec-3] (WebLogAspect.java:32) INFO  --> IP : 0:0:0:0:0:0:0:1
2019-03-18 11:54:01,966 App.Aop.WebLogAspect [http-nio-8080-exec-3] (WebLogAspect.java:33) INFO  --> CLASS_METHOD : App.Controller.JspController.aaa
2019-03-18 11:54:01,966 App.Aop.WebLogAspect [http-nio-8080-exec-3] (WebLogAspect.java:34) INFO  --> ARGS : []
2019-03-18 11:54:01,966 App.Aop.WebLogAspect [http-nio-8080-exec-3] (WebLogAspect.java:39) INFO  --> RESPONSE : login
2019-03-18 11:54:01,966 App.Aop.WebLogAspect [http-nio-8080-exec-3] (WebLogAspect.java:40) INFO  --> SPEND TIME : 1
2019-03-18 11:55:04,007 App.Aop.WebLogAspect [http-nio-8080-exec-8] (WebLogAspect.java:30) INFO  --> URL : http://localhost:8080/file
2019-03-18 11:55:04,008 App.Aop.WebLogAspect [http-nio-8080-exec-8] (WebLogAspect.java:31) INFO  --> HTTP_METHOD : GET
2019-03-18 11:55:04,009 App.Aop.WebLogAspect [http-nio-8080-exec-8] (WebLogAspect.java:32) INFO  --> IP : 0:0:0:0:0:0:0:1
2019-03-18 11:55:04,009 App.Aop.WebLogAspect [http-nio-8080-exec-8] (WebLogAspect.java:33) INFO  --> CLASS_METHOD : App.Controller.JspController.file
2019-03-18 11:55:04,009 App.Aop.WebLogAspect [http-nio-8080-exec-8] (WebLogAspect.java:34) INFO  --> ARGS : []
2019-03-18 11:55:04,010 App.Aop.WebLogAspect [http-nio-8080-exec-8] (WebLogAspect.java:39) INFO  --> RESPONSE : file
2019-03-18 11:55:04,010 App.Aop.WebLogAspect [http-nio-8080-exec-8] (WebLogAspect.java:40) INFO  --> SPEND TIME : 3
2019-03-18 11:55:04,072 App.Aop.WebLogAspect [http-nio-8080-exec-10] (WebLogAspect.java:30) INFO  --> URL : http://localhost:8080/login
2019-03-18 11:55:04,073 App.Aop.WebLogAspect [http-nio-8080-exec-10] (WebLogAspect.java:31) INFO  --> HTTP_METHOD : GET
2019-03-18 11:55:04,073 App.Aop.WebLogAspect [http-nio-8080-exec-10] (WebLogAspect.java:32) INFO  --> IP : 0:0:0:0:0:0:0:1
2019-03-18 11:55:04,073 App.Aop.WebLogAspect [http-nio-8080-exec-10] (WebLogAspect.java:33) INFO  --> CLASS_METHOD : App.Controller.JspController.aaa
2019-03-18 11:55:04,074 App.Aop.WebLogAspect [http-nio-8080-exec-10] (WebLogAspect.java:34) INFO  --> ARGS : []
2019-03-18 11:55:04,074 App.Aop.WebLogAspect [http-nio-8080-exec-10] (WebLogAspect.java:39) INFO  --> RESPONSE : login
2019-03-18 11:55:04,074 App.Aop.WebLogAspect [http-nio-8080-exec-10] (WebLogAspect.java:40) INFO  --> SPEND TIME : 2
2019-03-18 11:55:05,897 App.Aop.WebLogAspect [http-nio-8080-exec-1] (WebLogAspect.java:30) INFO  --> URL : http://localhost:8080/file/upload
2019-03-18 11:55:05,897 App.Aop.WebLogAspect [http-nio-8080-exec-1] (WebLogAspect.java:31) INFO  --> HTTP_METHOD : POST
2019-03-18 11:55:05,897 App.Aop.WebLogAspect [http-nio-8080-exec-1] (WebLogAspect.java:32) INFO  --> IP : 0:0:0:0:0:0:0:1
2019-03-18 11:55:05,898 App.Aop.WebLogAspect [http-nio-8080-exec-1] (WebLogAspect.java:33) INFO  --> CLASS_METHOD : App.Controller.JspController.upload
2019-03-18 11:55:05,898 App.Aop.WebLogAspect [http-nio-8080-exec-1] (WebLogAspect.java:34) INFO  --> ARGS : [org.springframework.web.multipart.support.StandardMultipartHttpServletRequest@602b2912]
2019-03-18 11:55:05,900 App.Aop.WebLogAspect [http-nio-8080-exec-1] (WebLogAspect.java:39) INFO  --> RESPONSE : null  0:static/img/1552881305898.png  1:static/img/1552881305899.png  2:static/img/1552881305899.png
2019-03-18 11:55:05,900 App.Aop.WebLogAspect [http-nio-8080-exec-1] (WebLogAspect.java:40) INFO  --> SPEND TIME : 3
2019-03-18 11:55:05,963 App.Aop.WebLogAspect [http-nio-8080-exec-5] (WebLogAspect.java:30) INFO  --> URL : http://localhost:8080/login
2019-03-18 11:55:05,963 App.Aop.WebLogAspect [http-nio-8080-exec-5] (WebLogAspect.java:31) INFO  --> HTTP_METHOD : GET
2019-03-18 11:55:05,964 App.Aop.WebLogAspect [http-nio-8080-exec-5] (WebLogAspect.java:32) INFO  --> IP : 0:0:0:0:0:0:0:1
2019-03-18 11:55:05,964 App.Aop.WebLogAspect [http-nio-8080-exec-5] (WebLogAspect.java:33) INFO  --> CLASS_METHOD : App.Controller.JspController.aaa
2019-03-18 11:55:05,964 App.Aop.WebLogAspect [http-nio-8080-exec-5] (WebLogAspect.java:34) INFO  --> ARGS : []
2019-03-18 11:55:05,964 App.Aop.WebLogAspect [http-nio-8080-exec-5] (WebLogAspect.java:39) INFO  --> RESPONSE : login
2019-03-18 11:55:05,965 App.Aop.WebLogAspect [http-nio-8080-exec-5] (WebLogAspect.java:40) INFO  --> SPEND TIME : 2
2019-03-18 11:55:13,393 org.hibernate.validator.internal.util.Version [background-preinit] (Version.java:21) INFO  --> HV000001: Hibernate Validator 6.0.13.Final
2019-03-18 11:55:13,490 App.App [main] (StartupInfoLogger.java:50) INFO  --> Starting App on DESKTOP-Q8QA67I with PID 12028 (started by 12442 in D:\Project\ichuan粉丝站后台管理系统)
2019-03-18 11:55:13,490 App.App [main] (SpringApplication.java:679) INFO  --> The following profiles are active: test
2019-03-18 11:55:14,614 org.springframework.boot.web.embedded.tomcat.TomcatWebServer [main] (TomcatWebServer.java:90) INFO  --> Tomcat initialized with port(s): 8080 (http)
2019-03-18 11:55:14,752 org.springframework.web.context.ContextLoader [main] (ServletWebServerApplicationContext.java:296) INFO  --> Root WebApplicationContext: initialization completed in 1223 ms
2019-03-18 11:55:15,157 org.springframework.security.web.DefaultSecurityFilterChain [main] (DefaultSecurityFilterChain.java:43) INFO  --> Creating filter chain: any request, [org.springframework.security.web.context.request.async.WebAsyncManagerIntegrationFilter@b379bc6, org.springframework.security.web.context.SecurityContextPersistenceFilter@474749b8, org.springframework.security.web.header.HeaderWriterFilter@1a8e9ed9, org.springframework.security.web.authentication.logout.LogoutFilter@7d2c345d, org.springframework.security.web.authentication.UsernamePasswordAuthenticationFilter@764a3e5d, org.springframework.security.web.session.ConcurrentSessionFilter@2e0fdbe9, org.springframework.security.web.savedrequest.RequestCacheAwareFilter@29013ef2, org.springframework.security.web.servletapi.SecurityContextHolderAwareRequestFilter@c412556, org.springframework.security.web.authentication.rememberme.RememberMeAuthenticationFilter@395f52ed, org.springframework.security.web.authentication.AnonymousAuthenticationFilter@374c40ba, org.springframework.security.web.session.SessionManagementFilter@12fcb2c3, org.springframework.security.web.access.ExceptionTranslationFilter@191c6e13, org.springframework.security.web.access.intercept.FilterSecurityInterceptor@57151b3a]
2019-03-18 11:55:15,276 org.springframework.scheduling.concurrent.ThreadPoolTaskExecutor [main] (ExecutorConfigurationSupport.java:171) INFO  --> Initializing ExecutorService 'applicationTaskExecutor'
2019-03-18 11:55:15,359 org.springframework.boot.autoconfigure.web.servlet.WelcomePageHandlerMapping [main] (WelcomePageHandlerMapping.java:61) INFO  --> Adding welcome page template: index
2019-03-18 11:55:15,518 org.springframework.boot.web.embedded.tomcat.TomcatWebServer [main] (TomcatWebServer.java:204) INFO  --> Tomcat started on port(s): 8080 (http) with context path ''
2019-03-18 11:55:15,521 App.App [main] (StartupInfoLogger.java:59) INFO  --> Started App in 2.197 seconds (JVM running for 2.84)
2019-03-18 11:55:23,850 org.springframework.web.servlet.DispatcherServlet [http-nio-8080-exec-1] (FrameworkServlet.java:524) INFO  --> Initializing Servlet 'dispatcherServlet'
2019-03-18 11:55:23,857 org.springframework.web.servlet.DispatcherServlet [http-nio-8080-exec-1] (FrameworkServlet.java:546) INFO  --> Completed initialization in 7 ms
2019-03-18 11:55:23,879 App.Aop.WebLogAspect [http-nio-8080-exec-1] (WebLogAspect.java:30) INFO  --> URL : http://localhost:8080/file
2019-03-18 11:55:23,879 App.Aop.WebLogAspect [http-nio-8080-exec-1] (WebLogAspect.java:31) INFO  --> HTTP_METHOD : GET
2019-03-18 11:55:23,880 App.Aop.WebLogAspect [http-nio-8080-exec-1] (WebLogAspect.java:32) INFO  --> IP : 0:0:0:0:0:0:0:1
2019-03-18 11:55:23,881 App.Aop.WebLogAspect [http-nio-8080-exec-1] (WebLogAspect.java:33) INFO  --> CLASS_METHOD : App.Controller.JspController.file
2019-03-18 11:55:23,881 App.Aop.WebLogAspect [http-nio-8080-exec-1] (WebLogAspect.java:34) INFO  --> ARGS : []
2019-03-18 11:55:23,884 App.Aop.WebLogAspect [http-nio-8080-exec-1] (WebLogAspect.java:39) INFO  --> RESPONSE : file
2019-03-18 11:55:23,885 App.Aop.WebLogAspect [http-nio-8080-exec-1] (WebLogAspect.java:40) INFO  --> SPEND TIME : 6
2019-03-18 11:55:24,353 App.Aop.WebLogAspect [http-nio-8080-exec-5] (WebLogAspect.java:30) INFO  --> URL : http://localhost:8080/login
2019-03-18 11:55:24,354 App.Aop.WebLogAspect [http-nio-8080-exec-5] (WebLogAspect.java:31) INFO  --> HTTP_METHOD : GET
2019-03-18 11:55:24,354 App.Aop.WebLogAspect [http-nio-8080-exec-5] (WebLogAspect.java:32) INFO  --> IP : 0:0:0:0:0:0:0:1
2019-03-18 11:55:24,355 App.Aop.WebLogAspect [http-nio-8080-exec-5] (WebLogAspect.java:33) INFO  --> CLASS_METHOD : App.Controller.JspController.aaa
2019-03-18 11:55:24,355 App.Aop.WebLogAspect [http-nio-8080-exec-5] (WebLogAspect.java:34) INFO  --> ARGS : []
2019-03-18 11:55:24,356 App.Aop.WebLogAspect [http-nio-8080-exec-5] (WebLogAspect.java:39) INFO  --> RESPONSE : login
2019-03-18 11:55:24,357 App.Aop.WebLogAspect [http-nio-8080-exec-5] (WebLogAspect.java:40) INFO  --> SPEND TIME : 4
2019-03-18 11:55:25,758 App.Aop.WebLogAspect [http-nio-8080-exec-4] (WebLogAspect.java:30) INFO  --> URL : http://localhost:8080/file
2019-03-18 11:55:25,759 App.Aop.WebLogAspect [http-nio-8080-exec-4] (WebLogAspect.java:31) INFO  --> HTTP_METHOD : GET
2019-03-18 11:55:25,760 App.Aop.WebLogAspect [http-nio-8080-exec-4] (WebLogAspect.java:32) INFO  --> IP : 0:0:0:0:0:0:0:1
2019-03-18 11:55:25,760 App.Aop.WebLogAspect [http-nio-8080-exec-4] (WebLogAspect.java:33) INFO  --> CLASS_METHOD : App.Controller.JspController.file
2019-03-18 11:55:25,760 App.Aop.WebLogAspect [http-nio-8080-exec-4] (WebLogAspect.java:34) INFO  --> ARGS : []
2019-03-18 11:55:25,761 App.Aop.WebLogAspect [http-nio-8080-exec-4] (WebLogAspect.java:39) INFO  --> RESPONSE : file
2019-03-18 11:55:25,761 App.Aop.WebLogAspect [http-nio-8080-exec-4] (WebLogAspect.java:40) INFO  --> SPEND TIME : 3
2019-03-18 11:55:25,881 App.Aop.WebLogAspect [http-nio-8080-exec-10] (WebLogAspect.java:30) INFO  --> URL : http://localhost:8080/login
2019-03-18 11:55:25,881 App.Aop.WebLogAspect [http-nio-8080-exec-10] (WebLogAspect.java:31) INFO  --> HTTP_METHOD : GET
2019-03-18 11:55:25,881 App.Aop.WebLogAspect [http-nio-8080-exec-10] (WebLogAspect.java:32) INFO  --> IP : 0:0:0:0:0:0:0:1
2019-03-18 11:55:25,881 App.Aop.WebLogAspect [http-nio-8080-exec-10] (WebLogAspect.java:33) INFO  --> CLASS_METHOD : App.Controller.JspController.aaa
2019-03-18 11:55:25,882 App.Aop.WebLogAspect [http-nio-8080-exec-10] (WebLogAspect.java:34) INFO  --> ARGS : []
2019-03-18 11:55:25,882 App.Aop.WebLogAspect [http-nio-8080-exec-10] (WebLogAspect.java:39) INFO  --> RESPONSE : login
2019-03-18 11:55:25,882 App.Aop.WebLogAspect [http-nio-8080-exec-10] (WebLogAspect.java:40) INFO  --> SPEND TIME : 1
2019-03-18 11:55:36,338 App.Aop.WebLogAspect [http-nio-8080-exec-7] (WebLogAspect.java:30) INFO  --> URL : http://localhost:8080/file/upload
2019-03-18 11:55:36,338 App.Aop.WebLogAspect [http-nio-8080-exec-7] (WebLogAspect.java:31) INFO  --> HTTP_METHOD : POST
2019-03-18 11:55:36,339 App.Aop.WebLogAspect [http-nio-8080-exec-7] (WebLogAspect.java:32) INFO  --> IP : 0:0:0:0:0:0:0:1
2019-03-18 11:55:36,339 App.Aop.WebLogAspect [http-nio-8080-exec-7] (WebLogAspect.java:33) INFO  --> CLASS_METHOD : App.Controller.JspController.upload
2019-03-18 11:55:36,339 App.Aop.WebLogAspect [http-nio-8080-exec-7] (WebLogAspect.java:34) INFO  --> ARGS : [org.springframework.web.multipart.support.StandardMultipartHttpServletRequest@7636b9be]
2019-03-18 11:55:36,342 App.Aop.WebLogAspect [http-nio-8080-exec-7] (WebLogAspect.java:39) INFO  --> RESPONSE :   0:static/img/1552881336340.png  1:static/img/1552881336340.png  2:static/img/1552881336341.png
2019-03-18 11:55:36,342 App.Aop.WebLogAspect [http-nio-8080-exec-7] (WebLogAspect.java:40) INFO  --> SPEND TIME : 4
2019-03-18 11:55:36,410 App.Aop.WebLogAspect [http-nio-8080-exec-9] (WebLogAspect.java:30) INFO  --> URL : http://localhost:8080/login
2019-03-18 11:55:36,410 App.Aop.WebLogAspect [http-nio-8080-exec-9] (WebLogAspect.java:31) INFO  --> HTTP_METHOD : GET
2019-03-18 11:55:36,410 App.Aop.WebLogAspect [http-nio-8080-exec-9] (WebLogAspect.java:32) INFO  --> IP : 0:0:0:0:0:0:0:1
2019-03-18 11:55:36,411 App.Aop.WebLogAspect [http-nio-8080-exec-9] (WebLogAspect.java:33) INFO  --> CLASS_METHOD : App.Controller.JspController.aaa
2019-03-18 11:55:36,411 App.Aop.WebLogAspect [http-nio-8080-exec-9] (WebLogAspect.java:34) INFO  --> ARGS : []
2019-03-18 11:55:36,411 App.Aop.WebLogAspect [http-nio-8080-exec-9] (WebLogAspect.java:39) INFO  --> RESPONSE : login
2019-03-18 11:55:36,411 App.Aop.WebLogAspect [http-nio-8080-exec-9] (WebLogAspect.java:40) INFO  --> SPEND TIME : 1
2019-03-18 11:56:16,037 App.Aop.WebLogAspect [http-nio-8080-exec-6] (WebLogAspect.java:30) INFO  --> URL : http://localhost:8080/file
2019-03-18 11:56:16,037 App.Aop.WebLogAspect [http-nio-8080-exec-6] (WebLogAspect.java:31) INFO  --> HTTP_METHOD : GET
2019-03-18 11:56:16,037 App.Aop.WebLogAspect [http-nio-8080-exec-6] (WebLogAspect.java:32) INFO  --> IP : 0:0:0:0:0:0:0:1
2019-03-18 11:56:16,038 App.Aop.WebLogAspect [http-nio-8080-exec-6] (WebLogAspect.java:33) INFO  --> CLASS_METHOD : App.Controller.JspController.file
2019-03-18 11:56:16,038 App.Aop.WebLogAspect [http-nio-8080-exec-6] (WebLogAspect.java:34) INFO  --> ARGS : []
2019-03-18 11:56:16,038 App.Aop.WebLogAspect [http-nio-8080-exec-6] (WebLogAspect.java:39) INFO  --> RESPONSE : file
2019-03-18 11:56:16,038 App.Aop.WebLogAspect [http-nio-8080-exec-6] (WebLogAspect.java:40) INFO  --> SPEND TIME : 1
2019-03-18 11:56:16,099 App.Aop.WebLogAspect [http-nio-8080-exec-3] (WebLogAspect.java:30) INFO  --> URL : http://localhost:8080/login
2019-03-18 11:56:16,100 App.Aop.WebLogAspect [http-nio-8080-exec-3] (WebLogAspect.java:31) INFO  --> HTTP_METHOD : GET
2019-03-18 11:56:16,100 App.Aop.WebLogAspect [http-nio-8080-exec-3] (WebLogAspect.java:32) INFO  --> IP : 0:0:0:0:0:0:0:1
2019-03-18 11:56:16,101 App.Aop.WebLogAspect [http-nio-8080-exec-3] (WebLogAspect.java:33) INFO  --> CLASS_METHOD : App.Controller.JspController.aaa
2019-03-18 11:56:16,101 App.Aop.WebLogAspect [http-nio-8080-exec-3] (WebLogAspect.java:34) INFO  --> ARGS : []
2019-03-18 11:56:16,101 App.Aop.WebLogAspect [http-nio-8080-exec-3] (WebLogAspect.java:39) INFO  --> RESPONSE : login
2019-03-18 11:56:16,102 App.Aop.WebLogAspect [http-nio-8080-exec-3] (WebLogAspect.java:40) INFO  --> SPEND TIME : 3
2019-03-18 11:56:17,208 App.Aop.WebLogAspect [http-nio-8080-exec-5] (WebLogAspect.java:30) INFO  --> URL : http://localhost:8080/file/upload
2019-03-18 11:56:17,208 App.Aop.WebLogAspect [http-nio-8080-exec-5] (WebLogAspect.java:31) INFO  --> HTTP_METHOD : POST
2019-03-18 11:56:17,208 App.Aop.WebLogAspect [http-nio-8080-exec-5] (WebLogAspect.java:32) INFO  --> IP : 0:0:0:0:0:0:0:1
2019-03-18 11:56:17,209 App.Aop.WebLogAspect [http-nio-8080-exec-5] (WebLogAspect.java:33) INFO  --> CLASS_METHOD : App.Controller.JspController.upload
2019-03-18 11:56:17,209 App.Aop.WebLogAspect [http-nio-8080-exec-5] (WebLogAspect.java:34) INFO  --> ARGS : [org.springframework.web.multipart.support.StandardMultipartHttpServletRequest@63c515ba]
2019-03-18 11:56:17,211 App.Aop.WebLogAspect [http-nio-8080-exec-5] (WebLogAspect.java:39) INFO  --> RESPONSE :   0:static/img/1552881377209.png  1:static/img/1552881377210.png  2:static/img/1552881377210.png
2019-03-18 11:56:17,212 App.Aop.WebLogAspect [http-nio-8080-exec-5] (WebLogAspect.java:40) INFO  --> SPEND TIME : 4
2019-03-18 11:56:17,280 App.Aop.WebLogAspect [http-nio-8080-exec-2] (WebLogAspect.java:30) INFO  --> URL : http://localhost:8080/login
2019-03-18 11:56:17,281 App.Aop.WebLogAspect [http-nio-8080-exec-2] (WebLogAspect.java:31) INFO  --> HTTP_METHOD : GET
2019-03-18 11:56:17,282 App.Aop.WebLogAspect [http-nio-8080-exec-2] (WebLogAspect.java:32) INFO  --> IP : 0:0:0:0:0:0:0:1
2019-03-18 11:56:17,282 App.Aop.WebLogAspect [http-nio-8080-exec-2] (WebLogAspect.java:33) INFO  --> CLASS_METHOD : App.Controller.JspController.aaa
2019-03-18 11:56:17,283 App.Aop.WebLogAspect [http-nio-8080-exec-2] (WebLogAspect.java:34) INFO  --> ARGS : []
2019-03-18 11:56:17,283 App.Aop.WebLogAspect [http-nio-8080-exec-2] (WebLogAspect.java:39) INFO  --> RESPONSE : login
2019-03-18 11:56:17,283 App.Aop.WebLogAspect [http-nio-8080-exec-2] (WebLogAspect.java:40) INFO  --> SPEND TIME : 3
2019-03-18 11:57:00,545 App.Aop.WebLogAspect [http-nio-8080-exec-10] (WebLogAspect.java:30) INFO  --> URL : http://localhost:8080/file
2019-03-18 11:57:00,545 App.Aop.WebLogAspect [http-nio-8080-exec-10] (WebLogAspect.java:31) INFO  --> HTTP_METHOD : GET
2019-03-18 11:57:00,546 App.Aop.WebLogAspect [http-nio-8080-exec-10] (WebLogAspect.java:32) INFO  --> IP : 0:0:0:0:0:0:0:1
2019-03-18 11:57:00,546 App.Aop.WebLogAspect [http-nio-8080-exec-10] (WebLogAspect.java:33) INFO  --> CLASS_METHOD : App.Controller.JspController.file
2019-03-18 11:57:00,547 App.Aop.WebLogAspect [http-nio-8080-exec-10] (WebLogAspect.java:34) INFO  --> ARGS : []
2019-03-18 11:57:00,547 App.Aop.WebLogAspect [http-nio-8080-exec-10] (WebLogAspect.java:39) INFO  --> RESPONSE : file
2019-03-18 11:57:00,548 App.Aop.WebLogAspect [http-nio-8080-exec-10] (WebLogAspect.java:40) INFO  --> SPEND TIME : 3
2019-03-18 11:57:00,622 App.Aop.WebLogAspect [http-nio-8080-exec-8] (WebLogAspect.java:30) INFO  --> URL : http://localhost:8080/login
2019-03-18 11:57:00,622 App.Aop.WebLogAspect [http-nio-8080-exec-8] (WebLogAspect.java:31) INFO  --> HTTP_METHOD : GET
2019-03-18 11:57:00,622 App.Aop.WebLogAspect [http-nio-8080-exec-8] (WebLogAspect.java:32) INFO  --> IP : 0:0:0:0:0:0:0:1
2019-03-18 11:57:00,623 App.Aop.WebLogAspect [http-nio-8080-exec-8] (WebLogAspect.java:33) INFO  --> CLASS_METHOD : App.Controller.JspController.aaa
2019-03-18 11:57:00,623 App.Aop.WebLogAspect [http-nio-8080-exec-8] (WebLogAspect.java:34) INFO  --> ARGS : []
2019-03-18 11:57:00,623 App.Aop.WebLogAspect [http-nio-8080-exec-8] (WebLogAspect.java:39) INFO  --> RESPONSE : login
2019-03-18 11:57:00,624 App.Aop.WebLogAspect [http-nio-8080-exec-8] (WebLogAspect.java:40) INFO  --> SPEND TIME : 2
2019-03-18 11:57:09,050 App.Aop.WebLogAspect [http-nio-8080-exec-9] (WebLogAspect.java:30) INFO  --> URL : http://localhost:8080/file/upload
2019-03-18 11:57:09,050 App.Aop.WebLogAspect [http-nio-8080-exec-9] (WebLogAspect.java:31) INFO  --> HTTP_METHOD : POST
2019-03-18 11:57:09,051 App.Aop.WebLogAspect [http-nio-8080-exec-9] (WebLogAspect.java:32) INFO  --> IP : 0:0:0:0:0:0:0:1
2019-03-18 11:57:09,051 App.Aop.WebLogAspect [http-nio-8080-exec-9] (WebLogAspect.java:33) INFO  --> CLASS_METHOD : App.Controller.JspController.upload
2019-03-18 11:57:09,051 App.Aop.WebLogAspect [http-nio-8080-exec-9] (WebLogAspect.java:34) INFO  --> ARGS : [org.springframework.web.multipart.support.StandardMultipartHttpServletRequest@efc83a6]
2019-03-18 11:57:09,054 App.Aop.WebLogAspect [http-nio-8080-exec-9] (WebLogAspect.java:39) INFO  --> RESPONSE :   0:static/img/1552881429052.png  1:static/img/1552881429052.png  2:static/img/1552881429053.png
2019-03-18 11:57:09,054 App.Aop.WebLogAspect [http-nio-8080-exec-9] (WebLogAspect.java:40) INFO  --> SPEND TIME : 4
2019-03-18 11:57:09,111 App.Aop.WebLogAspect [http-nio-8080-exec-1] (WebLogAspect.java:30) INFO  --> URL : http://localhost:8080/login
2019-03-18 11:57:09,111 App.Aop.WebLogAspect [http-nio-8080-exec-1] (WebLogAspect.java:31) INFO  --> HTTP_METHOD : GET
2019-03-18 11:57:09,111 App.Aop.WebLogAspect [http-nio-8080-exec-1] (WebLogAspect.java:32) INFO  --> IP : 0:0:0:0:0:0:0:1
2019-03-18 11:57:09,112 App.Aop.WebLogAspect [http-nio-8080-exec-1] (WebLogAspect.java:33) INFO  --> CLASS_METHOD : App.Controller.JspController.aaa
2019-03-18 11:57:09,112 App.Aop.WebLogAspect [http-nio-8080-exec-1] (WebLogAspect.java:34) INFO  --> ARGS : []
2019-03-18 11:57:09,112 App.Aop.WebLogAspect [http-nio-8080-exec-1] (WebLogAspect.java:39) INFO  --> RESPONSE : login
2019-03-18 11:57:09,112 App.Aop.WebLogAspect [http-nio-8080-exec-1] (WebLogAspect.java:40) INFO  --> SPEND TIME : 1
2019-03-18 11:58:08,933 org.hibernate.validator.internal.util.Version [background-preinit] (Version.java:21) INFO  --> HV000001: Hibernate Validator 6.0.13.Final
2019-03-18 11:58:09,033 App.App [main] (StartupInfoLogger.java:50) INFO  --> Starting App on DESKTOP-Q8QA67I with PID 16880 (started by 12442 in D:\Project\ichuan粉丝站后台管理系统)
2019-03-18 11:58:09,033 App.App [main] (SpringApplication.java:679) INFO  --> The following profiles are active: test
2019-03-18 11:58:10,136 org.springframework.boot.web.embedded.tomcat.TomcatWebServer [main] (TomcatWebServer.java:90) INFO  --> Tomcat initialized with port(s): 8080 (http)
2019-03-18 11:58:10,268 org.springframework.web.context.ContextLoader [main] (ServletWebServerApplicationContext.java:296) INFO  --> Root WebApplicationContext: initialization completed in 1203 ms
2019-03-18 11:58:10,638 org.springframework.security.web.DefaultSecurityFilterChain [main] (DefaultSecurityFilterChain.java:43) INFO  --> Creating filter chain: any request, [org.springframework.security.web.context.request.async.WebAsyncManagerIntegrationFilter@dbed7fd, org.springframework.security.web.context.SecurityContextPersistenceFilter@4ae2e781, org.springframework.security.web.header.HeaderWriterFilter@14b528b6, org.springframework.security.web.authentication.logout.LogoutFilter@13cc0b90, org.springframework.security.web.authentication.UsernamePasswordAuthenticationFilter@7f0f84d4, org.springframework.security.web.session.ConcurrentSessionFilter@357c9bd9, org.springframework.security.web.savedrequest.RequestCacheAwareFilter@2dd63e3, org.springframework.security.web.servletapi.SecurityContextHolderAwareRequestFilter@3830b06c, org.springframework.security.web.authentication.rememberme.RememberMeAuthenticationFilter@25791d40, org.springframework.security.web.authentication.AnonymousAuthenticationFilter@250d440, org.springframework.security.web.session.SessionManagementFilter@6f930e0, org.springframework.security.web.access.ExceptionTranslationFilter@19827608, org.springframework.security.web.access.intercept.FilterSecurityInterceptor@6ef2f7ad]
2019-03-18 11:58:10,754 org.springframework.scheduling.concurrent.ThreadPoolTaskExecutor [main] (ExecutorConfigurationSupport.java:171) INFO  --> Initializing ExecutorService 'applicationTaskExecutor'
2019-03-18 11:58:10,832 org.springframework.boot.autoconfigure.web.servlet.WelcomePageHandlerMapping [main] (WelcomePageHandlerMapping.java:61) INFO  --> Adding welcome page template: index
2019-03-18 11:58:11,002 org.springframework.boot.web.embedded.tomcat.TomcatWebServer [main] (TomcatWebServer.java:204) INFO  --> Tomcat started on port(s): 8080 (http) with context path ''
2019-03-18 11:58:11,002 App.App [main] (StartupInfoLogger.java:59) INFO  --> Started App in 2.138 seconds (JVM running for 2.757)
2019-03-18 11:58:33,299 org.springframework.web.servlet.DispatcherServlet [http-nio-8080-exec-1] (FrameworkServlet.java:524) INFO  --> Initializing Servlet 'dispatcherServlet'
2019-03-18 11:58:33,309 org.springframework.web.servlet.DispatcherServlet [http-nio-8080-exec-1] (FrameworkServlet.java:546) INFO  --> Completed initialization in 9 ms
2019-03-18 11:58:33,359 App.Aop.WebLogAspect [http-nio-8080-exec-1] (WebLogAspect.java:30) INFO  --> URL : http://localhost:8080/file/upload
2019-03-18 11:58:33,359 App.Aop.WebLogAspect [http-nio-8080-exec-1] (WebLogAspect.java:31) INFO  --> HTTP_METHOD : POST
2019-03-18 11:58:33,360 App.Aop.WebLogAspect [http-nio-8080-exec-1] (WebLogAspect.java:32) INFO  --> IP : 0:0:0:0:0:0:0:1
2019-03-18 11:58:33,360 App.Aop.WebLogAspect [http-nio-8080-exec-1] (WebLogAspect.java:33) INFO  --> CLASS_METHOD : App.Controller.JspController.upload
2019-03-18 11:58:33,361 App.Aop.WebLogAspect [http-nio-8080-exec-1] (WebLogAspect.java:34) INFO  --> ARGS : [org.springframework.web.multipart.support.StandardMultipartHttpServletRequest@31fd8a0d]
2019-03-18 11:58:33,367 App.Aop.WebLogAspect [http-nio-8080-exec-1] (WebLogAspect.java:39) INFO  --> RESPONSE :  0:static/img/1552881513364.png 1:static/img/1552881513365.png 2:static/img/1552881513366.png
2019-03-18 11:58:33,367 App.Aop.WebLogAspect [http-nio-8080-exec-1] (WebLogAspect.java:40) INFO  --> SPEND TIME : 8
2019-03-18 11:58:33,438 App.Aop.WebLogAspect [http-nio-8080-exec-3] (WebLogAspect.java:30) INFO  --> URL : http://localhost:8080/login
2019-03-18 11:58:33,439 App.Aop.WebLogAspect [http-nio-8080-exec-3] (WebLogAspect.java:31) INFO  --> HTTP_METHOD : GET
2019-03-18 11:58:33,439 App.Aop.WebLogAspect [http-nio-8080-exec-3] (WebLogAspect.java:32) INFO  --> IP : 0:0:0:0:0:0:0:1
2019-03-18 11:58:33,439 App.Aop.WebLogAspect [http-nio-8080-exec-3] (WebLogAspect.java:33) INFO  --> CLASS_METHOD : App.Controller.JspController.aaa
2019-03-18 11:58:33,440 App.Aop.WebLogAspect [http-nio-8080-exec-3] (WebLogAspect.java:34) INFO  --> ARGS : []
2019-03-18 11:58:33,440 App.Aop.WebLogAspect [http-nio-8080-exec-3] (WebLogAspect.java:39) INFO  --> RESPONSE : login
2019-03-18 11:58:33,440 App.Aop.WebLogAspect [http-nio-8080-exec-3] (WebLogAspect.java:40) INFO  --> SPEND TIME : 2
2019-03-18 11:58:46,102 App.Aop.WebLogAspect [http-nio-8080-exec-4] (WebLogAspect.java:30) INFO  --> URL : http://localhost:8080/file/upload
2019-03-18 11:58:46,103 App.Aop.WebLogAspect [http-nio-8080-exec-4] (WebLogAspect.java:31) INFO  --> HTTP_METHOD : POST
2019-03-18 11:58:46,103 App.Aop.WebLogAspect [http-nio-8080-exec-4] (WebLogAspect.java:32) INFO  --> IP : 0:0:0:0:0:0:0:1
2019-03-18 11:58:46,103 App.Aop.WebLogAspect [http-nio-8080-exec-4] (WebLogAspect.java:33) INFO  --> CLASS_METHOD : App.Controller.JspController.upload
2019-03-18 11:58:46,103 App.Aop.WebLogAspect [http-nio-8080-exec-4] (WebLogAspect.java:34) INFO  --> ARGS : [org.springframework.web.multipart.support.StandardMultipartHttpServletRequest@4d7bcd82]
2019-03-18 11:58:46,106 App.Aop.WebLogAspect [http-nio-8080-exec-4] (WebLogAspect.java:39) INFO  --> RESPONSE :  0:static/img/1552881526104.png 1:static/img/1552881526104.png 2:static/img/1552881526105.png
2019-03-18 11:58:46,106 App.Aop.WebLogAspect [http-nio-8080-exec-4] (WebLogAspect.java:40) INFO  --> SPEND TIME : 4
2019-03-18 11:58:46,163 App.Aop.WebLogAspect [http-nio-8080-exec-6] (WebLogAspect.java:30) INFO  --> URL : http://localhost:8080/login
2019-03-18 11:58:46,163 App.Aop.WebLogAspect [http-nio-8080-exec-6] (WebLogAspect.java:31) INFO  --> HTTP_METHOD : GET
2019-03-18 11:58:46,163 App.Aop.WebLogAspect [http-nio-8080-exec-6] (WebLogAspect.java:32) INFO  --> IP : 0:0:0:0:0:0:0:1
2019-03-18 11:58:46,164 App.Aop.WebLogAspect [http-nio-8080-exec-6] (WebLogAspect.java:33) INFO  --> CLASS_METHOD : App.Controller.JspController.aaa
2019-03-18 11:58:46,164 App.Aop.WebLogAspect [http-nio-8080-exec-6] (WebLogAspect.java:34) INFO  --> ARGS : []
2019-03-18 11:58:46,164 App.Aop.WebLogAspect [http-nio-8080-exec-6] (WebLogAspect.java:39) INFO  --> RESPONSE : login
2019-03-18 11:58:46,165 App.Aop.WebLogAspect [http-nio-8080-exec-6] (WebLogAspect.java:40) INFO  --> SPEND TIME : 2
2019-03-18 12:00:26,389 org.hibernate.validator.internal.util.Version [background-preinit] (Version.java:21) INFO  --> HV000001: Hibernate Validator 6.0.13.Final
2019-03-18 12:00:26,486 App.App [main] (StartupInfoLogger.java:50) INFO  --> Starting App on DESKTOP-Q8QA67I with PID 8824 (started by 12442 in D:\Project\ichuan粉丝站后台管理系统)
2019-03-18 12:00:26,487 App.App [main] (SpringApplication.java:679) INFO  --> The following profiles are active: test
2019-03-18 12:00:27,643 org.springframework.boot.web.embedded.tomcat.TomcatWebServer [main] (TomcatWebServer.java:90) INFO  --> Tomcat initialized with port(s): 8080 (http)
2019-03-18 12:00:27,797 org.springframework.web.context.ContextLoader [main] (ServletWebServerApplicationContext.java:296) INFO  --> Root WebApplicationContext: initialization completed in 1277 ms
2019-03-18 12:00:28,243 org.springframework.security.web.DefaultSecurityFilterChain [main] (DefaultSecurityFilterChain.java:43) INFO  --> Creating filter chain: any request, [org.springframework.security.web.context.request.async.WebAsyncManagerIntegrationFilter@dbed7fd, org.springframework.security.web.context.SecurityContextPersistenceFilter@4ae2e781, org.springframework.security.web.header.HeaderWriterFilter@14b528b6, org.springframework.security.web.authentication.logout.LogoutFilter@13cc0b90, org.springframework.security.web.authentication.UsernamePasswordAuthenticationFilter@7f0f84d4, org.springframework.security.web.session.ConcurrentSessionFilter@357c9bd9, org.springframework.security.web.savedrequest.RequestCacheAwareFilter@2dd63e3, org.springframework.security.web.servletapi.SecurityContextHolderAwareRequestFilter@3830b06c, org.springframework.security.web.authentication.rememberme.RememberMeAuthenticationFilter@25791d40, org.springframework.security.web.authentication.AnonymousAuthenticationFilter@250d440, org.springframework.security.web.session.SessionManagementFilter@6f930e0, org.springframework.security.web.access.ExceptionTranslationFilter@19827608, org.springframework.security.web.access.intercept.FilterSecurityInterceptor@6ef2f7ad]
2019-03-18 12:00:28,403 org.springframework.scheduling.concurrent.ThreadPoolTaskExecutor [main] (ExecutorConfigurationSupport.java:171) INFO  --> Initializing ExecutorService 'applicationTaskExecutor'
2019-03-18 12:00:28,518 org.springframework.boot.autoconfigure.web.servlet.WelcomePageHandlerMapping [main] (WelcomePageHandlerMapping.java:61) INFO  --> Adding welcome page template: index
2019-03-18 12:00:28,705 org.springframework.boot.web.embedded.tomcat.TomcatWebServer [main] (TomcatWebServer.java:204) INFO  --> Tomcat started on port(s): 8080 (http) with context path ''
2019-03-18 12:00:28,709 App.App [main] (StartupInfoLogger.java:59) INFO  --> Started App in 2.39 seconds (JVM running for 2.977)
2019-03-18 12:00:43,971 org.springframework.web.servlet.DispatcherServlet [http-nio-8080-exec-1] (FrameworkServlet.java:524) INFO  --> Initializing Servlet 'dispatcherServlet'
2019-03-18 12:00:43,979 org.springframework.web.servlet.DispatcherServlet [http-nio-8080-exec-1] (FrameworkServlet.java:546) INFO  --> Completed initialization in 7 ms
2019-03-18 12:00:44,028 App.Aop.WebLogAspect [http-nio-8080-exec-1] (WebLogAspect.java:30) INFO  --> URL : http://localhost:8080/file/upload
2019-03-18 12:00:44,028 App.Aop.WebLogAspect [http-nio-8080-exec-1] (WebLogAspect.java:31) INFO  --> HTTP_METHOD : POST
2019-03-18 12:00:44,029 App.Aop.WebLogAspect [http-nio-8080-exec-1] (WebLogAspect.java:32) INFO  --> IP : 0:0:0:0:0:0:0:1
2019-03-18 12:00:44,030 App.Aop.WebLogAspect [http-nio-8080-exec-1] (WebLogAspect.java:33) INFO  --> CLASS_METHOD : App.Controller.JspController.upload
2019-03-18 12:00:44,030 App.Aop.WebLogAspect [http-nio-8080-exec-1] (WebLogAspect.java:34) INFO  --> ARGS : [org.springframework.web.multipart.support.StandardMultipartHttpServletRequest@149e8f16]
2019-03-18 12:00:44,036 App.Aop.WebLogAspect [http-nio-8080-exec-1] (WebLogAspect.java:39) INFO  --> RESPONSE :  0:static/img/15528816440340.png 1:static/img/15528816440350.png 2:static/img/15528816440360.png
2019-03-18 12:00:44,037 App.Aop.WebLogAspect [http-nio-8080-exec-1] (WebLogAspect.java:40) INFO  --> SPEND TIME : 9
2019-03-18 12:00:44,107 App.Aop.WebLogAspect [http-nio-8080-exec-4] (WebLogAspect.java:30) INFO  --> URL : http://localhost:8080/login
2019-03-18 12:00:44,108 App.Aop.WebLogAspect [http-nio-8080-exec-4] (WebLogAspect.java:31) INFO  --> HTTP_METHOD : GET
2019-03-18 12:00:44,108 App.Aop.WebLogAspect [http-nio-8080-exec-4] (WebLogAspect.java:32) INFO  --> IP : 0:0:0:0:0:0:0:1
2019-03-18 12:00:44,108 App.Aop.WebLogAspect [http-nio-8080-exec-4] (WebLogAspect.java:33) INFO  --> CLASS_METHOD : App.Controller.JspController.aaa
2019-03-18 12:00:44,109 App.Aop.WebLogAspect [http-nio-8080-exec-4] (WebLogAspect.java:34) INFO  --> ARGS : []
2019-03-18 12:00:44,109 App.Aop.WebLogAspect [http-nio-8080-exec-4] (WebLogAspect.java:39) INFO  --> RESPONSE : login
2019-03-18 12:00:44,109 App.Aop.WebLogAspect [http-nio-8080-exec-4] (WebLogAspect.java:40) INFO  --> SPEND TIME : 2
2019-03-18 12:00:54,605 App.Aop.WebLogAspect [http-nio-8080-exec-3] (WebLogAspect.java:30) INFO  --> URL : http://localhost:8080/file/upload
2019-03-18 12:00:54,605 App.Aop.WebLogAspect [http-nio-8080-exec-3] (WebLogAspect.java:31) INFO  --> HTTP_METHOD : POST
2019-03-18 12:00:54,606 App.Aop.WebLogAspect [http-nio-8080-exec-3] (WebLogAspect.java:32) INFO  --> IP : 0:0:0:0:0:0:0:1
2019-03-18 12:00:54,606 App.Aop.WebLogAspect [http-nio-8080-exec-3] (WebLogAspect.java:33) INFO  --> CLASS_METHOD : App.Controller.JspController.upload
2019-03-18 12:00:54,606 App.Aop.WebLogAspect [http-nio-8080-exec-3] (WebLogAspect.java:34) INFO  --> ARGS : [org.springframework.web.multipart.support.StandardMultipartHttpServletRequest@27678117]
2019-03-18 12:00:54,609 App.Aop.WebLogAspect [http-nio-8080-exec-3] (WebLogAspect.java:39) INFO  --> RESPONSE :  0:static/img/15528816546070.png 1:static/img/15528816546070.png 2:static/img/15528816546080.png
2019-03-18 12:00:54,610 App.Aop.WebLogAspect [http-nio-8080-exec-3] (WebLogAspect.java:40) INFO  --> SPEND TIME : 5
2019-03-18 12:00:54,676 App.Aop.WebLogAspect [http-nio-8080-exec-6] (WebLogAspect.java:30) INFO  --> URL : http://localhost:8080/login
2019-03-18 12:00:54,677 App.Aop.WebLogAspect [http-nio-8080-exec-6] (WebLogAspect.java:31) INFO  --> HTTP_METHOD : GET
2019-03-18 12:00:54,677 App.Aop.WebLogAspect [http-nio-8080-exec-6] (WebLogAspect.java:32) INFO  --> IP : 0:0:0:0:0:0:0:1
2019-03-18 12:00:54,677 App.Aop.WebLogAspect [http-nio-8080-exec-6] (WebLogAspect.java:33) INFO  --> CLASS_METHOD : App.Controller.JspController.aaa
2019-03-18 12:00:54,678 App.Aop.WebLogAspect [http-nio-8080-exec-6] (WebLogAspect.java:34) INFO  --> ARGS : []
2019-03-18 12:00:54,678 App.Aop.WebLogAspect [http-nio-8080-exec-6] (WebLogAspect.java:39) INFO  --> RESPONSE : login
2019-03-18 12:00:54,678 App.Aop.WebLogAspect [http-nio-8080-exec-6] (WebLogAspect.java:40) INFO  --> SPEND TIME : 2
2019-03-18 12:01:52,311 org.hibernate.validator.internal.util.Version [background-preinit] (Version.java:21) INFO  --> HV000001: Hibernate Validator 6.0.13.Final
2019-03-18 12:01:52,415 App.App [main] (StartupInfoLogger.java:50) INFO  --> Starting App on DESKTOP-Q8QA67I with PID 4352 (started by 12442 in D:\Project\ichuan粉丝站后台管理系统)
2019-03-18 12:01:52,416 App.App [main] (SpringApplication.java:679) INFO  --> The following profiles are active: test
2019-03-18 12:01:53,499 org.springframework.boot.web.embedded.tomcat.TomcatWebServer [main] (TomcatWebServer.java:90) INFO  --> Tomcat initialized with port(s): 8080 (http)
2019-03-18 12:01:53,631 org.springframework.web.context.ContextLoader [main] (ServletWebServerApplicationContext.java:296) INFO  --> Root WebApplicationContext: initialization completed in 1176 ms
2019-03-18 12:01:54,001 org.springframework.security.web.DefaultSecurityFilterChain [main] (DefaultSecurityFilterChain.java:43) INFO  --> Creating filter chain: any request, [org.springframework.security.web.context.request.async.WebAsyncManagerIntegrationFilter@53a50b0a, org.springframework.security.web.context.SecurityContextPersistenceFilter@23444a36, org.springframework.security.web.header.HeaderWriterFilter@50211483, org.springframework.security.web.authentication.logout.LogoutFilter@14b528b6, org.springframework.security.web.authentication.UsernamePasswordAuthenticationFilter@1f129467, org.springframework.security.web.session.ConcurrentSessionFilter@39ab5ef7, org.springframework.security.web.savedrequest.RequestCacheAwareFilter@30a9e3db, org.springframework.security.web.servletapi.SecurityContextHolderAwareRequestFilter@265c1a7c, org.springframework.security.web.authentication.rememberme.RememberMeAuthenticationFilter@2faa55bb, org.springframework.security.web.authentication.AnonymousAuthenticationFilter@74ba6ff5, org.springframework.security.web.session.SessionManagementFilter@1472208d, org.springframework.security.web.access.ExceptionTranslationFilter@2afdf6b7, org.springframework.security.web.access.intercept.FilterSecurityInterceptor@4a864d4d]
2019-03-18 12:01:54,115 org.springframework.scheduling.concurrent.ThreadPoolTaskExecutor [main] (ExecutorConfigurationSupport.java:171) INFO  --> Initializing ExecutorService 'applicationTaskExecutor'
2019-03-18 12:01:54,206 org.springframework.boot.autoconfigure.web.servlet.WelcomePageHandlerMapping [main] (WelcomePageHandlerMapping.java:61) INFO  --> Adding welcome page template: index
2019-03-18 12:01:54,336 org.springframework.boot.web.embedded.tomcat.TomcatWebServer [main] (TomcatWebServer.java:204) INFO  --> Tomcat started on port(s): 8080 (http) with context path ''
2019-03-18 12:01:54,338 App.App [main] (StartupInfoLogger.java:59) INFO  --> Started App in 2.096 seconds (JVM running for 2.953)
2019-03-18 12:02:22,773 org.springframework.web.servlet.DispatcherServlet [http-nio-8080-exec-1] (FrameworkServlet.java:524) INFO  --> Initializing Servlet 'dispatcherServlet'
2019-03-18 12:02:22,783 org.springframework.web.servlet.DispatcherServlet [http-nio-8080-exec-1] (FrameworkServlet.java:546) INFO  --> Completed initialization in 9 ms
2019-03-18 12:02:22,830 App.Aop.WebLogAspect [http-nio-8080-exec-1] (WebLogAspect.java:30) INFO  --> URL : http://localhost:8080/file/upload
2019-03-18 12:02:22,831 App.Aop.WebLogAspect [http-nio-8080-exec-1] (WebLogAspect.java:31) INFO  --> HTTP_METHOD : POST
2019-03-18 12:02:22,831 App.Aop.WebLogAspect [http-nio-8080-exec-1] (WebLogAspect.java:32) INFO  --> IP : 0:0:0:0:0:0:0:1
2019-03-18 12:02:22,832 App.Aop.WebLogAspect [http-nio-8080-exec-1] (WebLogAspect.java:33) INFO  --> CLASS_METHOD : App.Controller.JspController.upload
2019-03-18 12:02:22,832 App.Aop.WebLogAspect [http-nio-8080-exec-1] (WebLogAspect.java:34) INFO  --> ARGS : [org.springframework.web.multipart.support.StandardMultipartHttpServletRequest@6ee246b0]
2019-03-18 12:02:25,840 App.Aop.WebLogAspect [http-nio-8080-exec-1] (WebLogAspect.java:39) INFO  --> RESPONSE :  0:static/img/15528817428350.png 1:static/img/15528817438370.png 2:static/img/15528817448390.png
2019-03-18 12:02:25,841 App.Aop.WebLogAspect [http-nio-8080-exec-1] (WebLogAspect.java:40) INFO  --> SPEND TIME : 3011
2019-03-18 12:02:25,917 App.Aop.WebLogAspect [http-nio-8080-exec-3] (WebLogAspect.java:30) INFO  --> URL : http://localhost:8080/login
2019-03-18 12:02:25,917 App.Aop.WebLogAspect [http-nio-8080-exec-3] (WebLogAspect.java:31) INFO  --> HTTP_METHOD : GET
2019-03-18 12:02:25,918 App.Aop.WebLogAspect [http-nio-8080-exec-3] (WebLogAspect.java:32) INFO  --> IP : 0:0:0:0:0:0:0:1
2019-03-18 12:02:25,918 App.Aop.WebLogAspect [http-nio-8080-exec-3] (WebLogAspect.java:33) INFO  --> CLASS_METHOD : App.Controller.JspController.aaa
2019-03-18 12:02:25,918 App.Aop.WebLogAspect [http-nio-8080-exec-3] (WebLogAspect.java:34) INFO  --> ARGS : []
2019-03-18 12:02:25,918 App.Aop.WebLogAspect [http-nio-8080-exec-3] (WebLogAspect.java:39) INFO  --> RESPONSE : login
2019-03-18 12:02:25,919 App.Aop.WebLogAspect [http-nio-8080-exec-3] (WebLogAspect.java:40) INFO  --> SPEND TIME : 2
2019-03-18 12:02:49,625 org.hibernate.validator.internal.util.Version [background-preinit] (Version.java:21) INFO  --> HV000001: Hibernate Validator 6.0.13.Final
2019-03-18 12:02:49,725 App.App [main] (StartupInfoLogger.java:50) INFO  --> Starting App on DESKTOP-Q8QA67I with PID 13364 (started by 12442 in D:\Project\ichuan粉丝站后台管理系统)
2019-03-18 12:02:49,741 App.App [main] (SpringApplication.java:679) INFO  --> The following profiles are active: test
2019-03-18 12:02:50,823 org.springframework.boot.web.embedded.tomcat.TomcatWebServer [main] (TomcatWebServer.java:90) INFO  --> Tomcat initialized with port(s): 8080 (http)
2019-03-18 12:02:50,961 org.springframework.web.context.ContextLoader [main] (ServletWebServerApplicationContext.java:296) INFO  --> Root WebApplicationContext: initialization completed in 1198 ms
2019-03-18 12:02:51,409 org.springframework.security.web.DefaultSecurityFilterChain [main] (DefaultSecurityFilterChain.java:43) INFO  --> Creating filter chain: any request, [org.springframework.security.web.context.request.async.WebAsyncManagerIntegrationFilter@5eed6dfb, org.springframework.security.web.context.SecurityContextPersistenceFilter@49671897, org.springframework.security.web.header.HeaderWriterFilter@1b24ea2a, org.springframework.security.web.authentication.logout.LogoutFilter@39ab5ef7, org.springframework.security.web.authentication.UsernamePasswordAuthenticationFilter@8fcc534, org.springframework.security.web.session.ConcurrentSessionFilter@b5ac0c1, org.springframework.security.web.savedrequest.RequestCacheAwareFilter@60bf494c, org.springframework.security.web.servletapi.SecurityContextHolderAwareRequestFilter@45d56062, org.springframework.security.web.authentication.rememberme.RememberMeAuthenticationFilter@4a642e4b, org.springframework.security.web.authentication.AnonymousAuthenticationFilter@5600a5da, org.springframework.security.web.session.SessionManagementFilter@2d313c8c, org.springframework.security.web.access.ExceptionTranslationFilter@4b87760e, org.springframework.security.web.access.intercept.FilterSecurityInterceptor@1653b84e]
2019-03-18 12:02:51,525 org.springframework.scheduling.concurrent.ThreadPoolTaskExecutor [main] (ExecutorConfigurationSupport.java:171) INFO  --> Initializing ExecutorService 'applicationTaskExecutor'
2019-03-18 12:02:51,609 org.springframework.boot.autoconfigure.web.servlet.WelcomePageHandlerMapping [main] (WelcomePageHandlerMapping.java:61) INFO  --> Adding welcome page template: index
2019-03-18 12:02:51,825 org.springframework.boot.web.embedded.tomcat.TomcatWebServer [main] (TomcatWebServer.java:204) INFO  --> Tomcat started on port(s): 8080 (http) with context path ''
2019-03-18 12:02:51,825 App.App [main] (StartupInfoLogger.java:59) INFO  --> Started App in 2.278 seconds (JVM running for 2.867)
2019-03-18 12:02:57,519 org.springframework.web.servlet.DispatcherServlet [http-nio-8080-exec-2] (FrameworkServlet.java:524) INFO  --> Initializing Servlet 'dispatcherServlet'
2019-03-18 12:02:57,528 org.springframework.web.servlet.DispatcherServlet [http-nio-8080-exec-2] (FrameworkServlet.java:546) INFO  --> Completed initialization in 9 ms
2019-03-18 12:02:57,577 App.Aop.WebLogAspect [http-nio-8080-exec-2] (WebLogAspect.java:30) INFO  --> URL : http://localhost:8080/file/upload
2019-03-18 12:02:57,577 App.Aop.WebLogAspect [http-nio-8080-exec-2] (WebLogAspect.java:31) INFO  --> HTTP_METHOD : POST
2019-03-18 12:02:57,578 App.Aop.WebLogAspect [http-nio-8080-exec-2] (WebLogAspect.java:32) INFO  --> IP : 0:0:0:0:0:0:0:1
2019-03-18 12:02:57,579 App.Aop.WebLogAspect [http-nio-8080-exec-2] (WebLogAspect.java:33) INFO  --> CLASS_METHOD : App.Controller.JspController.upload
2019-03-18 12:02:57,579 App.Aop.WebLogAspect [http-nio-8080-exec-2] (WebLogAspect.java:34) INFO  --> ARGS : [org.springframework.web.multipart.support.StandardMultipartHttpServletRequest@17b2307d]
2019-03-18 12:02:57,886 App.Aop.WebLogAspect [http-nio-8080-exec-2] (WebLogAspect.java:39) INFO  --> RESPONSE :  0:static/img/15528817775820.png 1:static/img/15528817776840.png 2:static/img/15528817777853.png
2019-03-18 12:02:57,887 App.Aop.WebLogAspect [http-nio-8080-exec-2] (WebLogAspect.java:40) INFO  --> SPEND TIME : 310
2019-03-18 12:02:57,961 App.Aop.WebLogAspect [http-nio-8080-exec-3] (WebLogAspect.java:30) INFO  --> URL : http://localhost:8080/login
2019-03-18 12:02:57,962 App.Aop.WebLogAspect [http-nio-8080-exec-3] (WebLogAspect.java:31) INFO  --> HTTP_METHOD : GET
2019-03-18 12:02:57,962 App.Aop.WebLogAspect [http-nio-8080-exec-3] (WebLogAspect.java:32) INFO  --> IP : 0:0:0:0:0:0:0:1
2019-03-18 12:02:57,962 App.Aop.WebLogAspect [http-nio-8080-exec-3] (WebLogAspect.java:33) INFO  --> CLASS_METHOD : App.Controller.JspController.aaa
2019-03-18 12:02:57,963 App.Aop.WebLogAspect [http-nio-8080-exec-3] (WebLogAspect.java:34) INFO  --> ARGS : []
2019-03-18 12:02:57,963 App.Aop.WebLogAspect [http-nio-8080-exec-3] (WebLogAspect.java:39) INFO  --> RESPONSE : login
2019-03-18 12:02:57,963 App.Aop.WebLogAspect [http-nio-8080-exec-3] (WebLogAspect.java:40) INFO  --> SPEND TIME : 2
2019-03-18 12:03:22,883 org.hibernate.validator.internal.util.Version [background-preinit] (Version.java:21) INFO  --> HV000001: Hibernate Validator 6.0.13.Final
2019-03-18 12:03:22,983 App.App [main] (StartupInfoLogger.java:50) INFO  --> Starting App on DESKTOP-Q8QA67I with PID 15080 (started by 12442 in D:\Project\ichuan粉丝站后台管理系统)
2019-03-18 12:03:22,983 App.App [main] (SpringApplication.java:679) INFO  --> The following profiles are active: test
2019-03-18 12:03:24,161 org.springframework.boot.web.embedded.tomcat.TomcatWebServer [main] (TomcatWebServer.java:90) INFO  --> Tomcat initialized with port(s): 8080 (http)
2019-03-18 12:03:24,321 org.springframework.web.context.ContextLoader [main] (ServletWebServerApplicationContext.java:296) INFO  --> Root WebApplicationContext: initialization completed in 1307 ms
2019-03-18 12:03:24,744 org.springframework.security.web.DefaultSecurityFilterChain [main] (DefaultSecurityFilterChain.java:43) INFO  --> Creating filter chain: any request, [org.springframework.security.web.context.request.async.WebAsyncManagerIntegrationFilter@dbed7fd, org.springframework.security.web.context.SecurityContextPersistenceFilter@4ae2e781, org.springframework.security.web.header.HeaderWriterFilter@14b528b6, org.springframework.security.web.authentication.logout.LogoutFilter@13cc0b90, org.springframework.security.web.authentication.UsernamePasswordAuthenticationFilter@7f0f84d4, org.springframework.security.web.session.ConcurrentSessionFilter@357c9bd9, org.springframework.security.web.savedrequest.RequestCacheAwareFilter@2dd63e3, org.springframework.security.web.servletapi.SecurityContextHolderAwareRequestFilter@3830b06c, org.springframework.security.web.authentication.rememberme.RememberMeAuthenticationFilter@25791d40, org.springframework.security.web.authentication.AnonymousAuthenticationFilter@250d440, org.springframework.security.web.session.SessionManagementFilter@6f930e0, org.springframework.security.web.access.ExceptionTranslationFilter@19827608, org.springframework.security.web.access.intercept.FilterSecurityInterceptor@6ef2f7ad]
2019-03-18 12:03:24,910 org.springframework.scheduling.concurrent.ThreadPoolTaskExecutor [main] (ExecutorConfigurationSupport.java:171) INFO  --> Initializing ExecutorService 'applicationTaskExecutor'
2019-03-18 12:03:25,039 org.springframework.boot.autoconfigure.web.servlet.WelcomePageHandlerMapping [main] (WelcomePageHandlerMapping.java:61) INFO  --> Adding welcome page template: index
2019-03-18 12:03:25,239 org.springframework.boot.web.embedded.tomcat.TomcatWebServer [main] (TomcatWebServer.java:204) INFO  --> Tomcat started on port(s): 8080 (http) with context path ''
2019-03-18 12:03:25,239 App.App [main] (StartupInfoLogger.java:59) INFO  --> Started App in 2.41 seconds (JVM running for 3.011)
2019-03-18 12:03:44,575 org.springframework.web.servlet.DispatcherServlet [http-nio-8080-exec-1] (FrameworkServlet.java:524) INFO  --> Initializing Servlet 'dispatcherServlet'
2019-03-18 12:03:44,584 org.springframework.web.servlet.DispatcherServlet [http-nio-8080-exec-1] (FrameworkServlet.java:546) INFO  --> Completed initialization in 8 ms
2019-03-18 12:03:44,634 App.Aop.WebLogAspect [http-nio-8080-exec-1] (WebLogAspect.java:30) INFO  --> URL : http://localhost:8080/file/upload
2019-03-18 12:03:44,634 App.Aop.WebLogAspect [http-nio-8080-exec-1] (WebLogAspect.java:31) INFO  --> HTTP_METHOD : POST
2019-03-18 12:03:44,634 App.Aop.WebLogAspect [http-nio-8080-exec-1] (WebLogAspect.java:32) INFO  --> IP : 0:0:0:0:0:0:0:1
2019-03-18 12:03:44,635 App.Aop.WebLogAspect [http-nio-8080-exec-1] (WebLogAspect.java:33) INFO  --> CLASS_METHOD : App.Controller.JspController.upload
2019-03-18 12:03:44,636 App.Aop.WebLogAspect [http-nio-8080-exec-1] (WebLogAspect.java:34) INFO  --> ARGS : [org.springframework.web.multipart.support.StandardMultipartHttpServletRequest@143c01a]
2019-03-18 12:03:44,943 App.Aop.WebLogAspect [http-nio-8080-exec-1] (WebLogAspect.java:39) INFO  --> RESPONSE :  0:static/img/1552881920100.png 1:static/img/1552881878756.png 2:static/img/1552881844132.png
2019-03-18 12:03:44,944 App.Aop.WebLogAspect [http-nio-8080-exec-1] (WebLogAspect.java:40) INFO  --> SPEND TIME : 310
2019-03-18 12:03:45,025 App.Aop.WebLogAspect [http-nio-8080-exec-3] (WebLogAspect.java:30) INFO  --> URL : http://localhost:8080/login
2019-03-18 12:03:45,026 App.Aop.WebLogAspect [http-nio-8080-exec-3] (WebLogAspect.java:31) INFO  --> HTTP_METHOD : GET
2019-03-18 12:03:45,026 App.Aop.WebLogAspect [http-nio-8080-exec-3] (WebLogAspect.java:32) INFO  --> IP : 0:0:0:0:0:0:0:1
2019-03-18 12:03:45,026 App.Aop.WebLogAspect [http-nio-8080-exec-3] (WebLogAspect.java:33) INFO  --> CLASS_METHOD : App.Controller.JspController.aaa
2019-03-18 12:03:45,027 App.Aop.WebLogAspect [http-nio-8080-exec-3] (WebLogAspect.java:34) INFO  --> ARGS : []
2019-03-18 12:03:45,027 App.Aop.WebLogAspect [http-nio-8080-exec-3] (WebLogAspect.java:39) INFO  --> RESPONSE : login
2019-03-18 12:03:45,027 App.Aop.WebLogAspect [http-nio-8080-exec-3] (WebLogAspect.java:40) INFO  --> SPEND TIME : 2
